/*C1*/SET SCHEMA SYSTEM_LOBS
INSERT INTO BLOCKS VALUES(0,2147483647,0)
COMMIT
/*C2*/SET SCHEMA PUBLIC
CREATE TABLE PUBLIC.DATABASECHANGELOGLOCK (ID INT NOT NULL, LOCKED BOOLEAN NOT NULL, LOCKGRANTED TIMESTAMP, LOCKEDBY VARCHAR(255), CONSTRAINT PK_DATABASECHANGELOGLOCK PRIMARY KEY (ID))
INSERT INTO DATABASECHANGELOGLOCK VALUES(1,FALSE,NULL,NULL)
COMMIT
DELETE FROM DATABASECHANGELOGLOCK WHERE ID=1
INSERT INTO DATABASECHANGELOGLOCK VALUES(1,TRUE,'2015-01-27 17:41:28.302000','VRNNB-PRC049 (10.233.34.249)')
COMMIT
CREATE TABLE PUBLIC.DATABASECHANGELOG (ID VARCHAR(255) NOT NULL, AUTHOR VARCHAR(255) NOT NULL, FILENAME VARCHAR(255) NOT NULL, DATEEXECUTED TIMESTAMP NOT NULL, ORDEREXECUTED INT NOT NULL, EXECTYPE VARCHAR(10) NOT NULL, MD5SUM VARCHAR(35), DESCRIPTION VARCHAR(255), COMMENTS VARCHAR(255), TAG VARCHAR(255), LIQUIBASE VARCHAR(20))
CREATE TABLE PUBLIC.server (id INT GENERATED BY DEFAULT AS IDENTITY NOT NULL, url VARCHAR(200) NOT NULL, CONSTRAINT PK_server PRIMARY KEY (id), CONSTRAINT UQ_server_url UNIQUE (url))
INSERT INTO DATABASECHANGELOG VALUES('server_table','jaast','c:/repo/project-jastt/src/main/resources/liquibase//versions/v1.1/ChangeLog_1.xml','2015-01-27 17:41:29.312000',1,'EXECUTED','7:b6a0d3eacbb0c807f977eaf3098db47f','createTable','',NULL,'3.0.7')
COMMIT
CREATE TABLE PUBLIC.user_ (id INT GENERATED BY DEFAULT AS IDENTITY NOT NULL, login VARCHAR(100) NOT NULL, name VARCHAR(100), password VARCHAR(1024), email VARCHAR(100), user_role VARCHAR(20) DEFAULT 'user' NOT NULL, server_id INT, CONSTRAINT PK_user PRIMARY KEY (id), CONSTRAINT FK_user_server FOREIGN KEY (server_id) REFERENCES server(id), CONSTRAINT UQ_user_login UNIQUE (login))
INSERT INTO DATABASECHANGELOG VALUES('user_table','jaast','c:/repo/project-jastt/src/main/resources/liquibase//versions/v1.1/ChangeLog_1.xml','2015-01-27 17:41:29.329000',2,'EXECUTED','7:9d1e355dbe16cf9cc192b747889660e9','createTable','',NULL,'3.0.7')
COMMIT
CREATE TABLE PUBLIC.project (id INT GENERATED BY DEFAULT AS IDENTITY NOT NULL, key VARCHAR(100) NOT NULL, name VARCHAR(100) NOT NULL, server_id INT NOT NULL, CONSTRAINT PK_project PRIMARY KEY (id), CONSTRAINT FK_project_server FOREIGN KEY (server_id) REFERENCES server(id), CONSTRAINT UQ_project_name UNIQUE (name))
INSERT INTO DATABASECHANGELOG VALUES('project_table','jaast','c:/repo/project-jastt/src/main/resources/liquibase//versions/v1.1/ChangeLog_1.xml','2015-01-27 17:41:29.347000',3,'EXECUTED','7:5f067d99241afd053f0d0f337f24cd6e','createTable','',NULL,'3.0.7')
COMMIT
CREATE TABLE PUBLIC.permission (id INT GENERATED BY DEFAULT AS IDENTITY NOT NULL, user_id INT NOT NULL, project_id INT NOT NULL, CONSTRAINT PK_permission PRIMARY KEY (id), CONSTRAINT FK_permission_user FOREIGN KEY (user_id) REFERENCES user_(id), CONSTRAINT FK_permission_project FOREIGN KEY (project_id) REFERENCES project(id))
INSERT INTO DATABASECHANGELOG VALUES('permission_table','jaast','c:/repo/project-jastt/src/main/resources/liquibase//versions/v1.1/ChangeLog_1.xml','2015-01-27 17:41:29.358000',4,'EXECUTED','7:08630148431eb59df96f858055ef27f9','createTable','',NULL,'3.0.7')
COMMIT
CREATE TABLE PUBLIC.assignee (id INT GENERATED BY DEFAULT AS IDENTITY NOT NULL, name VARCHAR(100) NOT NULL, email VARCHAR(100) NOT NULL, CONSTRAINT PK_assignee PRIMARY KEY (id))
INSERT INTO DATABASECHANGELOG VALUES('assignee_table','jaast','c:/repo/project-jastt/src/main/resources/liquibase//versions/v1.1/ChangeLog_1.xml','2015-01-27 17:41:29.373000',5,'EXECUTED','7:d3e1181fb36985408a450f1abcd8f3eb','createTable','',NULL,'3.0.7')
COMMIT
CREATE TABLE PUBLIC.issue (id INT GENERATED BY DEFAULT AS IDENTITY NOT NULL, key VARCHAR(100) NOT NULL, issue_type VARCHAR(20) NOT NULL, status VARCHAR(20) NOT NULL, created TIMESTAMP NOT NULL, updated TIMESTAMP NOT NULL, priority VARCHAR(50), summary VARCHAR(1024), time_spent INT NOT NULL, version VARCHAR(20), project_id INT NOT NULL, assignee_id INT NOT NULL, CONSTRAINT PK_issue PRIMARY KEY (id), CONSTRAINT FK_issue_assignee FOREIGN KEY (assignee_id) REFERENCES assignee(id), CONSTRAINT FK_issue_project FOREIGN KEY (project_id) REFERENCES project(id))
INSERT INTO DATABASECHANGELOG VALUES('issue_table','jaast','c:/repo/project-jastt/src/main/resources/liquibase//versions/v1.1/ChangeLog_1.xml','2015-01-27 17:41:29.387000',6,'EXECUTED','7:5a39dd20ed0b0f25668fe7476d9d6c5d','createTable','',NULL,'3.0.7')
COMMIT
CREATE TABLE PUBLIC.worklog (id INT GENERATED BY DEFAULT AS IDENTITY NOT NULL, self VARCHAR(255) NOT NULL, author VARCHAR(100) NOT NULL, created TIMESTAMP NOT NULL, updated TIMESTAMP NOT NULL, started TIMESTAMP NOT NULL, time_spent INT NOT NULL, issue_id INT NOT NULL, CONSTRAINT PK_worklog PRIMARY KEY (id), CONSTRAINT FK_worklog_issue FOREIGN KEY (issue_id) REFERENCES issue(id), CONSTRAINT UQ_worklog_self UNIQUE (self))
INSERT INTO DATABASECHANGELOG VALUES('worklog_table','buslov','c:/repo/project-jastt/src/main/resources/liquibase//versions/v1.1/ChangeLog_1.xml','2015-01-27 17:41:29.403000',7,'EXECUTED','7:37309e64180ba06d4ab9d4446b603a82','createTable','',NULL,'3.0.7')
COMMIT
INSERT INTO SERVER VALUES(1,'https://jira.atlassian.com')
INSERT INTO SERVER VALUES(2,'https://test.url')
COMMIT
INSERT INTO DATABASECHANGELOG VALUES('server_table_test_data','jaast','c:/repo/project-jastt/src/main/resources/liquibase//versions/v1.1/ChangeLog_2.xml','2015-01-27 17:41:29.412000',8,'EXECUTED','7:ce9a83a459e523d2604419386f9fe7ee','insert (x2)','',NULL,'3.0.7')
COMMIT
INSERT INTO USER_ VALUES(1,'admin','Administrator','8450eca01665516d9aeb5317764902b78495502637c96192c81b1683d32d691a0965cf037feca8b9ed9ee6fc6ab8f27fce8f77c4fd9b4a442a00fc317b8237e6','admin@email.com','admin',NULL)
INSERT INTO USER_ VALUES(2,'testuser','Test User','test','user@email.com','user',1)
COMMIT
INSERT INTO DATABASECHANGELOG VALUES('users_table_test_data','jaast','c:/repo/project-jastt/src/main/resources/liquibase//versions/v1.1/ChangeLog_2.xml','2015-01-27 17:41:29.427000',9,'EXECUTED','7:d3f61c864b3867eeee01da5b1e96cf09','insert (x2)','',NULL,'3.0.7')
COMMIT
INSERT INTO PROJECT VALUES(1,'DEMO','Demo Project',2)
INSERT INTO PROJECT VALUES(2,'STASH0','Stash0',1)
INSERT INTO PROJECT VALUES(3,'CRUC0','Crucible0',1)
COMMIT
INSERT INTO DATABASECHANGELOG VALUES('project_table_test_data','jaast','c:/repo/project-jastt/src/main/resources/liquibase//versions/v1.1/ChangeLog_2.xml','2015-01-27 17:41:29.443000',10,'EXECUTED','7:40b502fc81d03ae4caae0a6bebafe7c2','insert (x3)','',NULL,'3.0.7')
COMMIT
INSERT INTO PERMISSION VALUES(0,1,1)
INSERT INTO PERMISSION VALUES(1,1,2)
INSERT INTO PERMISSION VALUES(2,1,3)
INSERT INTO PERMISSION VALUES(3,2,2)
INSERT INTO PERMISSION VALUES(4,2,3)
COMMIT
INSERT INTO DATABASECHANGELOG VALUES('permission_table_test_data','jaast','c:/repo/project-jastt/src/main/resources/liquibase//versions/v1.1/ChangeLog_2.xml','2015-01-27 17:41:29.458000',11,'EXECUTED','7:29165c167555c14195c558217716d157','insert (x5)','',NULL,'3.0.7')
COMMIT
INSERT INTO ASSIGNEE VALUES(1,'Paul Watson [Atlassian]','pwatson at atlassian dot com')
INSERT INTO ASSIGNEE VALUES(2,'Seb Ruiz [Atlassian]','sruiz at atlassian dot com')
COMMIT
INSERT INTO DATABASECHANGELOG VALUES('assignee_table_test_data','jaast','c:/repo/project-jastt/src/main/resources/liquibase//versions/v1.1/ChangeLog_2.xml','2015-01-27 17:41:29.471000',12,'EXECUTED','7:4a16f2faad583111f57f815e5b34f0d1','insert (x2)','',NULL,'3.0.7')
COMMIT
INSERT INTO ISSUE VALUES(1,'STASH0-2524','New Feature','To Do','2014-10-02 03:20:40.000000','2014-10-15 03:20:40.000000','Minor','Stash startup pages have no links or instructions',180,'1.0.1',2,1)
INSERT INTO ISSUE VALUES(2,'CRUC0-3671','Bug','Closed','2014-11-05 02:20:40.000000','2014-11-17 02:20:40.000000','Minor','Replace all project/repo/user selects with autocomplete inputs',220,'2.1.1',3,2)
COMMIT
INSERT INTO DATABASECHANGELOG VALUES('issue_table_test_data','jaast','c:/repo/project-jastt/src/main/resources/liquibase//versions/v1.1/ChangeLog_2.xml','2015-01-27 17:41:29.487000',13,'EXECUTED','7:43bfcf4b7fd9d487f4acc23b5892fcb7','insert (x2)','',NULL,'3.0.7')
COMMIT
INSERT INTO SERVER VALUES(3,'https://alpha.com')
COMMIT
INSERT INTO DATABASECHANGELOG VALUES('jira-stub-server','chursin','c:/repo/project-jastt/src/main/resources/liquibase//versions/v1.1/ChangeLog_2.xml','2015-01-27 17:41:29.495000',14,'EXECUTED','7:1bb21dd54e46c81438b81772add715e6','insert','',NULL,'3.0.7')
COMMIT
INSERT INTO USER_ VALUES(3,'pojo',NULL,'123',NULL,'user',3)
COMMIT
INSERT INTO DATABASECHANGELOG VALUES('jira-stub-user','chursin','c:/repo/project-jastt/src/main/resources/liquibase//versions/v1.1/ChangeLog_2.xml','2015-01-27 17:41:29.501000',15,'EXECUTED','7:8e7cba9dabec50b21513c07df4775f84','insert','',NULL,'3.0.7')
COMMIT
INSERT INTO WORKLOG VALUES(0,'https://jira.atlassian.com/rest/api/2/issue/182560/worklog/120597','Paul Watson [Atlassian]','2014-10-03 07:18:38.000000','2014-10-03 07:18:38.000000','2014-10-03 07:15:00.000000',60,1)
INSERT INTO WORKLOG VALUES(1,'https://jira.atlassian.com/rest/api/2/issue/182560/worklog/120598','Paul Watson [Atlassian]','2014-10-07 09:25:00.000000','2014-10-07 09:25:00.000000','2014-10-07 09:20:00.000000',120,1)
INSERT INTO WORKLOG VALUES(2,'https://jira.atlassian.com/rest/api/2/issue/108045/worklog/91899','Seb Ruiz [Atlassian]','2014-11-06 10:18:38.000000','2014-11-06 10:18:38.000000','2014-11-06 10:15:00.000000',120,2)
INSERT INTO WORKLOG VALUES(3,'https://jira.atlassian.com/rest/api/2/issue/108045/worklog/91902','Nick Pellow [Atlassian]','2014-11-07 09:25:00.000000','2014-11-07 09:25:00.000000','2014-11-07 09:20:00.000000',100,2)
COMMIT
INSERT INTO DATABASECHANGELOG VALUES('worklog_table_test_data','buslov','c:/repo/project-jastt/src/main/resources/liquibase//versions/v1.1/ChangeLog_2.xml','2015-01-27 17:41:29.519000',16,'EXECUTED','7:ee1cbfe587980ac4e2f3e1dfdf1b964a','insert (x4)','',NULL,'3.0.7')
COMMIT
DELETE FROM DATABASECHANGELOGLOCK WHERE ID=1
INSERT INTO DATABASECHANGELOGLOCK VALUES(1,FALSE,NULL,NULL)
COMMIT
DISCONNECT
/*C3*/SET SCHEMA PUBLIC
DISCONNECT
/*C4*/SET SCHEMA PUBLIC
INSERT INTO SERVER VALUES(4,'https://seu30.gdc-sbr01.t-systems.com/jira')
COMMIT
INSERT INTO USER_ VALUES(4,'vbichev',NULL,NULL,NULL,'user',4)
COMMIT
INSERT INTO PROJECT VALUES(4,'PSLDE','OneErp PSL DE',4)
COMMIT
INSERT INTO PERMISSION VALUES(5,4,4)
COMMIT
INSERT INTO ASSIGNEE VALUES(3,'Sotnikov, Denis','Denis.Sotnikov@t-systems.com')
COMMIT
INSERT INTO ISSUE VALUES(3,'PSLDE-286','Improvement','Open','2015-01-26 19:07:11.000000','2015-01-26 19:11:38.000000','Major','CR_880: Erweiterung PSL ZeLe Materialwirtschaft',1200,NULL,4,3)
COMMIT
INSERT INTO WORKLOG VALUES(4,'https://seu30.gdc-sbr01.t-systems.com/jira/rest/api/2/issue/63944/worklog/32086','Sotnikov, Denis','2015-01-26 19:11:36.000000','2015-01-26 19:11:36.000000','2015-01-26 19:11:23.000000',1200,3)
COMMIT
INSERT INTO ISSUE VALUES(4,'PSLDE-285','Bug','Resolved','2015-01-26 17:34:09.000000','2015-01-26 19:22:01.000000','Major','CR zu Incident 4200025357: Faktoren bei Fremdleistung Tiefbau ',180,NULL,4,3)
COMMIT
INSERT INTO WORKLOG VALUES(5,'https://seu30.gdc-sbr01.t-systems.com/jira/rest/api/2/issue/63926/worklog/32078','Sotnikov, Denis','2015-01-26 18:39:41.000000','2015-01-26 18:40:23.000000','2015-01-26 18:39:12.000000',180,4)
COMMIT
INSERT INTO ASSIGNEE VALUES(4,'Galtsev, Yaroslav','Yaroslav.Galtsev@t-systems.com')
COMMIT
INSERT INTO ISSUE VALUES(5,'PSLDE-284','Sub-task','Open','2015-01-22 18:24:31.000000','2015-01-22 18:27:12.000000','Major','Entwicklungsdokumentationserstellung',1200,NULL,4,4)
COMMIT
INSERT INTO WORKLOG VALUES(6,'https://seu30.gdc-sbr01.t-systems.com/jira/rest/api/2/issue/63694/worklog/31940','Galtsev, Yaroslav','2015-01-22 18:27:12.000000','2015-01-22 18:27:12.000000','2015-01-22 18:24:45.000000',1200,5)
COMMIT
INSERT INTO ASSIGNEE VALUES(5,'Anashkina, Lilia','Lilia.Anashkina@t-systems.com')
COMMIT
INSERT INTO ISSUE VALUES(6,'PSLDE-283','New Feature','Resolved','2015-01-22 17:31:50.000000','2015-01-22 17:32:31.000000','Minor','To implement FM for new footer text in IMPULS formulars',240,NULL,4,5)
COMMIT
INSERT INTO WORKLOG VALUES(7,'https://seu30.gdc-sbr01.t-systems.com/jira/rest/api/2/issue/63685/worklog/31937','Anashkina, Lilia','2015-01-22 17:32:20.000000','2015-01-22 17:32:20.000000','2015-01-22 17:32:08.000000',240,6)
COMMIT
INSERT INTO ASSIGNEE VALUES(6,'Polskiy, Andrey','Andrey.Polskiy@t-systems.com')
COMMIT
INSERT INTO ISSUE VALUES(7,'PSLDE-282','Sub-task','In Progress','2015-01-22 17:13:31.000000','2015-01-26 13:11:42.000000','Major','Incident 4200025422',480,NULL,4,6)
COMMIT
INSERT INTO WORKLOG VALUES(8,'https://seu30.gdc-sbr01.t-systems.com/jira/rest/api/2/issue/63684/worklog/32055','Polskiy, Andrey','2015-01-26 12:57:01.000000','2015-01-26 12:57:01.000000','2015-01-22 12:56:34.000000',480,7)
COMMIT
INSERT INTO ASSIGNEE VALUES(7,'Lebedeva, Tatyana','Tatyana.Lebedeva@t-systems.com')
COMMIT
INSERT INTO ISSUE VALUES(8,'PSLDE-281','New Feature','In Progress','2015-01-15 18:24:12.000000','2015-01-15 18:25:58.000000','Major','Kollokation Report',2400,NULL,4,7)
COMMIT
INSERT INTO WORKLOG VALUES(9,'https://seu30.gdc-sbr01.t-systems.com/jira/rest/api/2/issue/63160/worklog/31718','Lebedeva, Tatyana','2015-01-15 18:25:58.000000','2015-01-15 18:25:58.000000','2014-12-30 18:25:00.000000',2400,8)
COMMIT
INSERT INTO ISSUE VALUES(9,'PSLDE-280','Sub-task','Closed','2015-01-15 17:42:32.000000','2015-01-22 18:19:46.000000','Trivial','OSS Note implementieren',120,NULL,4,4)
COMMIT
INSERT INTO WORKLOG VALUES(10,'https://seu30.gdc-sbr01.t-systems.com/jira/rest/api/2/issue/63155/worklog/31717','Galtsev, Yaroslav','2015-01-15 17:43:34.000000','2015-01-15 17:43:34.000000','2015-01-12 17:42:00.000000',119,9)
COMMIT
INSERT INTO WORKLOG VALUES(11,'https://seu30.gdc-sbr01.t-systems.com/jira/rest/api/2/issue/63155/worklog/31939','Galtsev, Yaroslav','2015-01-22 18:19:46.000000','2015-01-22 18:19:46.000000','2015-01-22 18:19:26.000000',1,9)
COMMIT
INSERT INTO ASSIGNEE VALUES(8,'Borisova, Ekaterina','Ekaterina.Borisova@t-systems.com')
COMMIT
INSERT INTO ISSUE VALUES(10,'PSLDE-278','Bug','Closed','2015-01-15 17:13:40.000000','2015-01-22 17:14:43.000000','Major','SM-Auftrag Formulare',240,NULL,4,8)
COMMIT
INSERT INTO WORKLOG VALUES(12,'https://seu30.gdc-sbr01.t-systems.com/jira/rest/api/2/issue/63145/worklog/31935','Borisova, Ekaterina','2015-01-22 17:14:06.000000','2015-01-22 17:14:06.000000','2015-01-22 17:13:13.000000',1,10)
COMMIT
INSERT INTO WORKLOG VALUES(13,'https://seu30.gdc-sbr01.t-systems.com/jira/rest/api/2/issue/63145/worklog/31936','Borisova, Ekaterina','2015-01-22 17:14:43.000000','2015-01-22 17:14:43.000000','2015-01-22 17:14:25.000000',239,10)
COMMIT
INSERT INTO ISSUE VALUES(11,'PSLDE-277','Bug','Closed','2015-01-15 17:08:08.000000','2015-01-16 15:27:00.000000','Major','Der Preis bei der Umbuchung wird nicht korrekt ermittelt.',240,NULL,4,4)
COMMIT
INSERT INTO WORKLOG VALUES(14,'https://seu30.gdc-sbr01.t-systems.com/jira/rest/api/2/issue/63142/worklog/31715','Galtsev, Yaroslav','2015-01-15 17:36:22.000000','2015-01-15 17:36:22.000000','2015-01-15 17:35:48.000000',180,11)
COMMIT
INSERT INTO WORKLOG VALUES(15,'https://seu30.gdc-sbr01.t-systems.com/jira/rest/api/2/issue/63142/worklog/31742','Galtsev, Yaroslav','2015-01-16 15:27:00.000000','2015-01-16 15:27:00.000000','2015-01-16 15:26:52.000000',60,11)
COMMIT
INSERT INTO ISSUE VALUES(12,'PSLDE-276','Sub-task','Resolved','2015-01-13 17:13:36.000000','2015-01-15 14:42:24.000000','Major','CD 4610004148: WMS Process delivery confirmation status',480,NULL,4,6)
COMMIT
INSERT INTO WORKLOG VALUES(16,'https://seu30.gdc-sbr01.t-systems.com/jira/rest/api/2/issue/62986/worklog/31689','Polskiy, Andrey','2015-01-15 14:42:24.000000','2015-01-15 14:42:24.000000','2015-01-15 14:41:05.000000',480,12)
COMMIT
INSERT INTO ISSUE VALUES(13,'PSLDE-275','Bug','Resolved','2014-12-26 11:28:09.000000','2015-01-15 18:55:57.000000','Major','Kurzdump in PPL in Formularen ZP01, ZP02',1440,NULL,4,5)
COMMIT
INSERT INTO WORKLOG VALUES(17,'https://seu30.gdc-sbr01.t-systems.com/jira/rest/api/2/issue/62297/worklog/31719','Anashkina, Lilia','2015-01-15 18:55:57.000000','2015-01-15 18:55:57.000000','2015-01-15 18:55:36.000000',1440,13)
COMMIT
INSERT INTO ASSIGNEE VALUES(9,'Sitnikova, Inna','Inna.Sitnikova@t-systems.com')
COMMIT
INSERT INTO ISSUE VALUES(14,'PSLDE-273','Task','Closed','2014-12-22 17:37:17.000000','2014-12-25 11:42:12.000000','Major','SST Dokumentation erstellen',1920,NULL,4,9)
COMMIT
INSERT INTO WORKLOG VALUES(18,'https://seu30.gdc-sbr01.t-systems.com/jira/rest/api/2/issue/62224/worklog/31464','Sitnikova, Inna','2014-12-25 11:41:56.000000','2014-12-25 11:41:56.000000','2014-12-25 11:41:28.000000',960,14)
COMMIT
INSERT INTO WORKLOG VALUES(19,'https://seu30.gdc-sbr01.t-systems.com/jira/rest/api/2/issue/62224/worklog/31465','Sitnikova, Inna','2014-12-25 11:42:12.000000','2014-12-25 11:42:12.000000','2014-12-25 11:42:00.000000',960,14)
COMMIT
INSERT INTO ISSUE VALUES(15,'PSLDE-272','Sub-task','Closed','2014-12-19 13:02:52.000000','2014-12-19 13:04:21.000000','Major','CD 4610003904: DTAG ONE:PSL: Systemmail "Einteilungs\u00e4nd',120,NULL,4,4)
COMMIT
INSERT INTO WORKLOG VALUES(20,'https://seu30.gdc-sbr01.t-systems.com/jira/rest/api/2/issue/61878/worklog/31244','Galtsev, Yaroslav','2014-12-19 13:04:21.000000','2014-12-19 13:04:21.000000','2014-12-12 13:04:00.000000',120,15)
COMMIT
INSERT INTO ISSUE VALUES(16,'PSLDE-271','Sub-task','Closed','2014-12-19 13:00:19.000000','2014-12-25 17:08:27.000000','Major','CD 4610003825 Wiedereinsatz \u00fcber Logistik - Auslieferung und Equipment umbauen',1020,NULL,4,4)
COMMIT
INSERT INTO WORKLOG VALUES(21,'https://seu30.gdc-sbr01.t-systems.com/jira/rest/api/2/issue/61877/worklog/31245','Galtsev, Yaroslav','2014-12-19 13:09:03.000000','2014-12-19 13:09:03.000000','2014-12-15 13:06:00.000000',960,16)
COMMIT
INSERT INTO WORKLOG VALUES(22,'https://seu30.gdc-sbr01.t-systems.com/jira/rest/api/2/issue/61877/worklog/31466','Galtsev, Yaroslav','2014-12-25 17:08:27.000000','2014-12-25 17:08:27.000000','2014-12-25 17:08:10.000000',60,16)
COMMIT
INSERT INTO ISSUE VALUES(17,'PSLDE-270','Sub-task','Closed','2014-12-19 12:46:02.000000','2014-12-19 12:57:33.000000','Major','Incident 4200022785, CD 4610003887 - Fehlermeldung Umbuchung in den Sperrbestand',120,NULL,4,4)
COMMIT
INSERT INTO WORKLOG VALUES(23,'https://seu30.gdc-sbr01.t-systems.com/jira/rest/api/2/issue/61875/worklog/31243','Galtsev, Yaroslav','2014-12-19 12:57:33.000000','2014-12-19 12:57:33.000000','2014-12-14 12:56:00.000000',120,17)
COMMIT
INSERT INTO ISSUE VALUES(18,'PSLDE-269','Task','Closed','2014-12-19 12:42:45.000000','2014-12-25 17:12:46.000000','Major','Logistics tasks',1,NULL,4,4)
COMMIT
INSERT INTO WORKLOG VALUES(24,'https://seu30.gdc-sbr01.t-systems.com/jira/rest/api/2/issue/61874/worklog/31467','Galtsev, Yaroslav','2014-12-25 17:12:46.000000','2014-12-25 17:12:46.000000','2014-12-25 17:12:20.000000',1,18)
COMMIT
INSERT INTO ISSUE VALUES(19,'PSLDE-268','Improvement','Resolved','2014-12-18 17:42:59.000000','2015-01-15 18:59:21.000000','Major','Implementation of footer texts into PROLAB and Kollokation formulars',900,NULL,4,5)
COMMIT
INSERT INTO WORKLOG VALUES(25,'https://seu30.gdc-sbr01.t-systems.com/jira/rest/api/2/issue/61692/worklog/31221','Anashkina, Lilia','2014-12-18 17:43:35.000000','2014-12-18 17:43:35.000000','2014-12-18 17:43:27.000000',300,19)
COMMIT
INSERT INTO WORKLOG VALUES(26,'https://seu30.gdc-sbr01.t-systems.com/jira/rest/api/2/issue/61692/worklog/31720','Anashkina, Lilia','2015-01-15 18:59:21.000000','2015-01-15 18:59:21.000000','2015-01-15 18:58:41.000000',600,19)
COMMIT
INSERT INTO ISSUE VALUES(20,'PSLDE-266','Improvement','Resolved','2014-12-12 11:43:50.000000','2014-12-18 17:40:30.000000','Major','Footer Text in Formulars',32,NULL,4,5)
COMMIT
INSERT INTO WORKLOG VALUES(27,'https://seu30.gdc-sbr01.t-systems.com/jira/rest/api/2/issue/61234/worklog/31220','Anashkina, Lilia','2014-12-18 17:40:30.000000','2014-12-18 17:40:30.000000','2014-12-18 17:40:16.000000',32,20)
COMMIT
INSERT INTO ASSIGNEE VALUES(10,'Gridneva, Olga','Olga.Gridneva@t-systems.com')
COMMIT
INSERT INTO ISSUE VALUES(21,'PSLDE-265','Bug','Closed','2014-12-11 13:05:37.000000','2014-12-18 17:05:27.000000','Major','Testfall schreiben Bauakte-WMSTI',2400,NULL,4,10)
COMMIT
INSERT INTO WORKLOG VALUES(28,'https://seu30.gdc-sbr01.t-systems.com/jira/rest/api/2/issue/61161/worklog/31219','Kuchina, Anastasiia','2014-12-18 17:05:26.000000','2014-12-18 17:05:26.000000','2014-12-18 17:04:43.000000',2400,21)
COMMIT
INSERT INTO ISSUE VALUES(22,'PSLDE-263','Sub-task','Resolved','2014-12-09 17:56:06.000000','2014-12-17 12:29:38.000000','Major','Vorbereitung und Durchf\u00fchrung von Training ',10,NULL,4,10)
COMMIT
INSERT INTO WORKLOG VALUES(29,'https://seu30.gdc-sbr01.t-systems.com/jira/rest/api/2/issue/60976/worklog/31144','Sitnikova, Inna','2014-12-17 12:29:38.000000','2014-12-17 12:29:38.000000','2014-12-17 12:29:23.000000',10,22)
COMMIT
INSERT INTO ISSUE VALUES(23,'PSLDE-261','Task','Closed','2014-12-08 19:22:55.000000','2014-12-10 12:24:36.000000','Major','SST Test erstellen',960,NULL,4,9)
COMMIT
INSERT INTO WORKLOG VALUES(30,'https://seu30.gdc-sbr01.t-systems.com/jira/rest/api/2/issue/60890/worklog/30843','Sitnikova, Inna','2014-12-10 12:24:22.000000','2014-12-10 12:24:22.000000','2014-12-10 12:23:31.000000',480,23)
COMMIT
INSERT INTO WORKLOG VALUES(31,'https://seu30.gdc-sbr01.t-systems.com/jira/rest/api/2/issue/60890/worklog/30844','Sitnikova, Inna','2014-12-10 12:24:36.000000','2014-12-10 12:24:36.000000','2014-12-10 12:24:30.000000',480,23)
COMMIT
INSERT INTO ISSUE VALUES(24,'PSLDE-260','Bug','Closed','2014-12-05 19:21:40.000000','2014-12-11 14:49:58.000000','Trivial','Smartforms: Fixing + Improvement',960,NULL,4,4)
COMMIT
INSERT INTO WORKLOG VALUES(32,'https://seu30.gdc-sbr01.t-systems.com/jira/rest/api/2/issue/60775/worklog/30696','Galtsev, Yaroslav','2014-12-05 19:24:41.000000','2014-12-05 19:24:41.000000','2014-12-05 19:24:28.000000',480,24)
COMMIT
INSERT INTO WORKLOG VALUES(33,'https://seu30.gdc-sbr01.t-systems.com/jira/rest/api/2/issue/60775/worklog/30932','Galtsev, Yaroslav','2014-12-11 14:49:25.000000','2014-12-11 14:49:25.000000','2014-12-11 14:49:06.000000',420,24)
COMMIT
INSERT INTO WORKLOG VALUES(34,'https://seu30.gdc-sbr01.t-systems.com/jira/rest/api/2/issue/60775/worklog/30935','Galtsev, Yaroslav','2014-12-11 14:49:58.000000','2014-12-11 14:49:58.000000','2014-12-11 14:49:34.000000',60,24)
COMMIT
INSERT INTO ISSUE VALUES(25,'PSLDE-259','Bug','Closed','2014-12-04 18:21:27.000000','2014-12-19 12:50:02.000000','Major','SM-Auftrag Formulare',1921,NULL,4,8)
COMMIT
INSERT INTO WORKLOG VALUES(35,'https://seu30.gdc-sbr01.t-systems.com/jira/rest/api/2/issue/59961/worklog/30525','Borisova, Ekaterina','2014-12-04 18:22:19.000000','2014-12-04 18:22:19.000000','2014-12-04 18:22:03.000000',720,25)
COMMIT
INSERT INTO WORKLOG VALUES(36,'https://seu30.gdc-sbr01.t-systems.com/jira/rest/api/2/issue/59961/worklog/30829','Borisova, Ekaterina','2014-12-09 17:02:53.000000','2014-12-09 17:02:53.000000','2014-12-09 17:01:57.000000',240,25)
COMMIT
INSERT INTO WORKLOG VALUES(37,'https://seu30.gdc-sbr01.t-systems.com/jira/rest/api/2/issue/59961/worklog/30933','Borisova, Ekaterina','2014-12-11 14:49:26.000000','2014-12-11 14:49:26.000000','2014-12-11 14:48:58.000000',720,25)
COMMIT
INSERT INTO WORKLOG VALUES(38,'https://seu30.gdc-sbr01.t-systems.com/jira/rest/api/2/issue/59961/worklog/31241','Borisova, Ekaterina','2014-12-19 12:48:03.000000','2014-12-19 12:48:03.000000','2014-12-16 12:47:00.000000',240,25)
COMMIT
INSERT INTO WORKLOG VALUES(39,'https://seu30.gdc-sbr01.t-systems.com/jira/rest/api/2/issue/59961/worklog/31242','Borisova, Ekaterina','2014-12-19 12:50:02.000000','2014-12-19 12:50:02.000000','2014-12-19 12:48:22.000000',1,25)
COMMIT
INSERT INTO ASSIGNEE VALUES(11,'Anishchenko, Anastasia','Anastasia.Anishchenko@t-systems.com')
COMMIT
INSERT INTO ISSUE VALUES(26,'PSLDE-258','Bug','Resolved','2014-12-04 17:48:28.000000','2014-12-24 17:27:20.000000','Major','Monitoring Angebotskosten',960,NULL,4,11)
COMMIT
INSERT INTO WORKLOG VALUES(40,'https://seu30.gdc-sbr01.t-systems.com/jira/rest/api/2/issue/59958/worklog/31463','Anishchenko, Anastasia','2014-12-24 17:27:20.000000','2014-12-24 17:27:20.000000','2014-12-24 17:27:09.000000',960,26)
COMMIT
INSERT INTO ISSUE VALUES(27,'PSLDE-257','Improvement','Closed','2014-12-04 13:50:56.000000','2014-12-19 12:02:36.000000','Trivial','CD 4610003875 + 4610003877',362,NULL,4,4)
COMMIT
INSERT INTO WORKLOG VALUES(41,'https://seu30.gdc-sbr01.t-systems.com/jira/rest/api/2/issue/59926/worklog/30691','Galtsev, Yaroslav','2014-12-05 19:17:44.000000','2014-12-05 19:23:55.000000','2014-12-05 19:17:35.000000',240,27)
COMMIT
INSERT INTO WORKLOG VALUES(42,'https://seu30.gdc-sbr01.t-systems.com/jira/rest/api/2/issue/59926/worklog/30931','Galtsev, Yaroslav','2014-12-11 14:48:13.000000','2014-12-11 14:48:13.000000','2014-12-05 14:47:00.000000',1,27)
COMMIT
INSERT INTO WORKLOG VALUES(43,'https://seu30.gdc-sbr01.t-systems.com/jira/rest/api/2/issue/59926/worklog/30964','Galtsev, Yaroslav','2014-12-12 12:08:37.000000','2014-12-12 12:08:37.000000','2014-12-11 12:07:00.000000',120,27)
COMMIT
INSERT INTO WORKLOG VALUES(44,'https://seu30.gdc-sbr01.t-systems.com/jira/rest/api/2/issue/59926/worklog/31239','Galtsev, Yaroslav','2014-12-19 12:02:36.000000','2014-12-19 12:02:36.000000','2014-12-19 12:01:54.000000',1,27)
COMMIT
INSERT INTO ISSUE VALUES(28,'PSLDE-255','Bug','Resolved','2014-11-27 19:22:38.000000','2014-12-04 17:46:44.000000','Major','Impuls-Angebot',540,NULL,4,11)
COMMIT
INSERT INTO WORKLOG VALUES(45,'https://seu30.gdc-sbr01.t-systems.com/jira/rest/api/2/issue/59561/worklog/30523','Anishchenko, Anastasia','2014-12-04 17:46:44.000000','2014-12-04 17:46:44.000000','2014-12-04 17:46:32.000000',540,28)
COMMIT
INSERT INTO ISSUE VALUES(29,'PSLDE-254','Bug','Resolved','2014-11-27 19:13:08.000000','2014-12-24 17:26:52.000000','Major','Prolab Formulare',4800,NULL,4,11)
COMMIT
INSERT INTO WORKLOG VALUES(46,'https://seu30.gdc-sbr01.t-systems.com/jira/rest/api/2/issue/59560/worklog/31462','Anishchenko, Anastasia','2014-12-24 17:26:51.000000','2014-12-24 17:26:51.000000','2014-12-24 17:26:32.000000',4800,29)
COMMIT
INSERT INTO ISSUE VALUES(30,'PSLDE-253','Bug','Closed','2014-11-25 15:44:01.000000','2014-12-03 12:52:02.000000','Trivial','Smartforms Formular: bug fixes and improvements',3120,NULL,4,4)
COMMIT
INSERT INTO WORKLOG VALUES(47,'https://seu30.gdc-sbr01.t-systems.com/jira/rest/api/2/issue/59376/worklog/30206','Galtsev, Yaroslav','2014-11-25 15:44:50.000000','2014-11-25 15:44:50.000000','2014-11-25 15:44:05.000000',240,30)
COMMIT
INSERT INTO WORKLOG VALUES(48,'https://seu30.gdc-sbr01.t-systems.com/jira/rest/api/2/issue/59376/worklog/30295','Galtsev, Yaroslav','2014-11-27 18:21:04.000000','2014-11-27 18:21:04.000000','2014-11-25 18:20:00.000000',360,30)
COMMIT
INSERT INTO WORKLOG VALUES(49,'https://seu30.gdc-sbr01.t-systems.com/jira/rest/api/2/issue/59376/worklog/30296','Galtsev, Yaroslav','2014-11-27 18:21:25.000000','2014-11-27 18:21:25.000000','2014-11-27 18:21:12.000000',600,30)
COMMIT
INSERT INTO WORKLOG VALUES(50,'https://seu30.gdc-sbr01.t-systems.com/jira/rest/api/2/issue/59376/worklog/30297','Galtsev, Yaroslav','2014-11-27 18:21:32.000000','2014-11-27 18:21:32.000000','2014-11-27 18:21:00.000000',480,30)
COMMIT
INSERT INTO WORKLOG VALUES(51,'https://seu30.gdc-sbr01.t-systems.com/jira/rest/api/2/issue/59376/worklog/30474','Galtsev, Yaroslav','2014-12-03 12:49:33.000000','2014-12-03 12:49:33.000000','2014-11-28 12:48:00.000000',480,30)
COMMIT
INSERT INTO WORKLOG VALUES(52,'https://seu30.gdc-sbr01.t-systems.com/jira/rest/api/2/issue/59376/worklog/30475','Galtsev, Yaroslav','2014-12-03 12:49:55.000000','2014-12-03 12:49:55.000000','2014-12-01 12:49:00.000000',480,30)
COMMIT
INSERT INTO WORKLOG VALUES(53,'https://seu30.gdc-sbr01.t-systems.com/jira/rest/api/2/issue/59376/worklog/30476','Galtsev, Yaroslav','2014-12-03 12:52:02.000000','2014-12-03 12:52:02.000000','2014-12-02 12:50:00.000000',480,30)
COMMIT
INSERT INTO ISSUE VALUES(31,'PSLDE-252','Bug','Resolved','2014-11-21 12:56:46.000000','2014-11-27 17:11:59.000000','Major','To change mode in two IMPULS transactions',600,NULL,4,5)
COMMIT
INSERT INTO WORKLOG VALUES(54,'https://seu30.gdc-sbr01.t-systems.com/jira/rest/api/2/issue/59171/worklog/30294','Anashkina, Lilia','2014-11-27 17:11:59.000000','2014-11-27 17:11:59.000000','2014-11-27 17:11:40.000000',600,31)
COMMIT
INSERT INTO ISSUE VALUES(32,'PSLDE-251','Bug','Resolved','2014-11-21 12:53:31.000000','2014-12-12 11:40:49.000000','Major','Corrections for IMPULS-Formulars',3600,NULL,4,5)
COMMIT
INSERT INTO WORKLOG VALUES(55,'https://seu30.gdc-sbr01.t-systems.com/jira/rest/api/2/issue/59170/worklog/30963','Anashkina, Lilia','2014-12-12 11:40:49.000000','2014-12-12 11:40:49.000000','2014-12-12 11:39:50.000000',3600,32)
COMMIT
INSERT INTO ISSUE VALUES(33,'PSLDE-250','Bug','Closed','2014-11-21 10:02:09.000000','2014-11-21 10:03:45.000000','Major','PROLAB-Smartforms Bug-fixing',481,NULL,4,4)
COMMIT
INSERT INTO WORKLOG VALUES(56,'https://seu30.gdc-sbr01.t-systems.com/jira/rest/api/2/issue/59156/worklog/30047','Galtsev, Yaroslav','2014-11-21 10:02:59.000000','2014-11-21 10:02:59.000000','2014-11-19 21:02:00.000000',480,33)
COMMIT
INSERT INTO WORKLOG VALUES(57,'https://seu30.gdc-sbr01.t-systems.com/jira/rest/api/2/issue/59156/worklog/30048','Galtsev, Yaroslav','2014-11-21 10:03:45.000000','2014-11-21 10:03:45.000000','2014-11-21 10:03:24.000000',1,33)
COMMIT
INSERT INTO ISSUE VALUES(34,'PSLDE-249','Task','Resolved','2014-11-17 14:44:51.000000','2014-11-27 19:12:13.000000','Major','Wirkbetriebsaufnahme Megaplan',3180,NULL,4,11)
COMMIT
INSERT INTO WORKLOG VALUES(58,'https://seu30.gdc-sbr01.t-systems.com/jira/rest/api/2/issue/58889/worklog/29996','Anishchenko, Anastasia','2014-11-19 13:18:46.000000','2014-11-19 13:18:46.000000','2014-11-17 13:18:00.000000',1560,34)
COMMIT
INSERT INTO WORKLOG VALUES(59,'https://seu30.gdc-sbr01.t-systems.com/jira/rest/api/2/issue/58889/worklog/29997','Anishchenko, Anastasia','2014-11-19 13:19:14.000000','2014-11-19 13:19:14.000000','2014-11-17 13:18:00.000000',1560,34)
COMMIT
INSERT INTO WORKLOG VALUES(60,'https://seu30.gdc-sbr01.t-systems.com/jira/rest/api/2/issue/58889/worklog/30300','Anishchenko, Anastasia','2014-11-27 19:12:13.000000','2014-11-27 19:12:13.000000','2014-11-27 19:11:36.000000',60,34)
COMMIT
INSERT INTO ISSUE VALUES(35,'PSLDE-248','Bug','Resolved','2014-11-14 14:53:59.000000','2014-11-14 14:54:20.000000','Major','IMPULS Formulare',960,NULL,4,5)
COMMIT
INSERT INTO WORKLOG VALUES(61,'https://seu30.gdc-sbr01.t-systems.com/jira/rest/api/2/issue/58782/worklog/29818','Anashkina, Lilia','2014-11-14 14:54:20.000000','2014-11-14 14:54:20.000000','2014-11-14 14:54:11.000000',960,35)
COMMIT
INSERT INTO ISSUE VALUES(36,'PSLDE-247','Task','Resolved','2014-11-13 14:33:16.000000','2014-11-17 14:43:47.000000','Minor','Inbetriebnahme MP #1: Z1 Log-Tabelle',600,NULL,4,11)
COMMIT
INSERT INTO WORKLOG VALUES(62,'https://seu30.gdc-sbr01.t-systems.com/jira/rest/api/2/issue/58725/worklog/29933','Anishchenko, Anastasia','2014-11-17 14:43:47.000000','2014-11-17 14:43:47.000000','2014-11-17 14:43:33.000000',600,36)
COMMIT
INSERT INTO ISSUE VALUES(37,'PSLDE-246','Sub-task','Resolved','2014-11-12 10:07:53.000000','2014-11-13 17:02:59.000000','Major','Incident 4200022048',480,NULL,4,6)
COMMIT
INSERT INTO WORKLOG VALUES(63,'https://seu30.gdc-sbr01.t-systems.com/jira/rest/api/2/issue/58612/worklog/29778','Polskiy, Andrey','2014-11-13 17:02:42.000000','2014-11-13 17:02:42.000000','2014-11-13 17:01:25.000000',60,37)
COMMIT
INSERT INTO WORKLOG VALUES(64,'https://seu30.gdc-sbr01.t-systems.com/jira/rest/api/2/issue/58612/worklog/29779','Polskiy, Andrey','2014-11-13 17:02:59.000000','2014-11-13 17:02:59.000000','2014-11-13 17:02:51.000000',420,37)
COMMIT
INSERT INTO ISSUE VALUES(38,'PSLDE-245','Improvement','Resolved','2014-11-11 18:26:32.000000','2014-11-11 18:27:39.000000','Minor','Technical Documentation for CR1003',960,NULL,4,7)
COMMIT
INSERT INTO WORKLOG VALUES(65,'https://seu30.gdc-sbr01.t-systems.com/jira/rest/api/2/issue/58481/worklog/29718','Lebedeva, Tatyana','2014-11-11 18:27:17.000000','2014-11-11 18:27:39.000000','2014-11-11 18:26:42.000000',960,38)
COMMIT
INSERT INTO ASSIGNEE VALUES(12,'Sokolov, Pavel','Pavel.Sokolov@t-systems.com')
COMMIT
INSERT INTO ISSUE VALUES(39,'PSLDE-244','Task','Resolved','2014-11-07 16:34:27.000000','2014-11-07 16:37:48.000000','Critical','Theme - PROLAB. Add Partners text for BAPI''s.',180,NULL,4,12)
COMMIT
INSERT INTO WORKLOG VALUES(66,'https://seu30.gdc-sbr01.t-systems.com/jira/rest/api/2/issue/58144/worklog/29568','Sokolov, Pavel','2014-11-07 16:37:48.000000','2014-11-07 16:37:48.000000','2014-11-07 16:37:30.000000',180,39)
COMMIT
INSERT INTO ISSUE VALUES(40,'PSLDE-243','Improvement','Resolved','2014-11-07 16:29:08.000000','2014-11-07 16:32:53.000000','Major','Theme - PROLAB. Update field VBAK-AUFNR.',480,NULL,4,12)
COMMIT
INSERT INTO WORKLOG VALUES(67,'https://seu30.gdc-sbr01.t-systems.com/jira/rest/api/2/issue/58142/worklog/29564','Sokolov, Pavel','2014-11-07 16:32:52.000000','2014-11-07 16:32:52.000000','2014-11-07 16:32:30.000000',480,40)
COMMIT
INSERT INTO ISSUE VALUES(41,'PSLDE-242','Bug','Resolved','2014-11-07 15:32:44.000000','2014-11-07 16:31:13.000000','Critical','Theme - PROLAB. No details for partners in header and positions in VA03 and VA23',360,NULL,4,12)
COMMIT
INSERT INTO WORKLOG VALUES(68,'https://seu30.gdc-sbr01.t-systems.com/jira/rest/api/2/issue/58136/worklog/29559','Sokolov, Pavel','2014-11-07 16:24:40.000000','2014-11-07 16:24:40.000000','2014-11-07 16:24:30.000000',360,41)
COMMIT
INSERT INTO ASSIGNEE VALUES(13,'Mammadov, Ilkin','Ilkin.Mammadov@t-systems.com')
COMMIT
INSERT INTO ISSUE VALUES(42,'PSLDE-241','Task','Resolved','2014-10-30 20:38:43.000000','2014-10-30 20:39:54.000000','Minor','Erstellung einer Liste mit berechtigten Usern auf der GPL, Abstimmung mit ICTO bez\u00fcglich \u00dcbernahme der Arbeit von Bernhard Stolz, Aktualisierung von Durchf\u00fchrungsplan',180,NULL,4,13)
COMMIT
INSERT INTO WORKLOG VALUES(69,'https://seu30.gdc-sbr01.t-systems.com/jira/rest/api/2/issue/57364/worklog/29314','Mammadov, Ilkin','2014-10-30 20:39:54.000000','2014-10-30 20:39:54.000000','2014-10-30 20:39:41.000000',180,42)
COMMIT
INSERT INTO ISSUE VALUES(43,'PSLDE-240','Task','Resolved','2014-10-30 20:29:05.000000','2014-10-30 20:29:49.000000','Minor','Pflege von Materialen ',480,NULL,4,13)
COMMIT
INSERT INTO WORKLOG VALUES(70,'https://seu30.gdc-sbr01.t-systems.com/jira/rest/api/2/issue/57362/worklog/29313','Mammadov, Ilkin','2014-10-30 20:29:49.000000','2014-10-30 20:29:49.000000','2014-10-30 20:29:36.000000',480,43)
COMMIT
INSERT INTO ISSUE VALUES(44,'PSLDE-239','Task','Resolved','2014-10-30 20:26:03.000000','2014-10-30 20:27:45.000000','Trivial','Klassen und Merkmalverwaltung',60,NULL,4,13)
COMMIT
INSERT INTO WORKLOG VALUES(71,'https://seu30.gdc-sbr01.t-systems.com/jira/rest/api/2/issue/57360/worklog/29312','Mammadov, Ilkin','2014-10-30 20:27:45.000000','2014-10-30 20:27:45.000000','2014-10-30 20:27:28.000000',60,44)
COMMIT
INSERT INTO ISSUE VALUES(45,'PSLDE-238','Task','Closed','2014-10-30 20:20:52.000000','2014-10-30 20:26:40.000000','Trivial','IMPULS Customizing ',120,NULL,4,13)
COMMIT
INSERT INTO WORKLOG VALUES(72,'https://seu30.gdc-sbr01.t-systems.com/jira/rest/api/2/issue/57359/worklog/29310','Mammadov, Ilkin','2014-10-30 20:24:03.000000','2014-10-30 20:24:03.000000','2014-10-30 20:23:52.000000',60,45)
COMMIT
INSERT INTO WORKLOG VALUES(73,'https://seu30.gdc-sbr01.t-systems.com/jira/rest/api/2/issue/57359/worklog/29311','Mammadov, Ilkin','2014-10-30 20:26:40.000000','2014-10-30 20:26:40.000000','2014-10-30 20:26:30.000000',60,45)
COMMIT
INSERT INTO ISSUE VALUES(46,'PSLDE-236','Bug','Resolved','2014-10-30 19:12:07.000000','2014-10-30 19:17:24.000000','Major','Checks in ZDPVOR for Angebot, Teilrechnung, Anzahlung and Angebotsablehnung',960,NULL,4,5)
COMMIT
INSERT INTO WORKLOG VALUES(74,'https://seu30.gdc-sbr01.t-systems.com/jira/rest/api/2/issue/57349/worklog/29300','Anashkina, Lilia','2014-10-30 19:17:24.000000','2014-10-30 19:17:24.000000','2014-10-30 19:17:06.000000',960,46)
COMMIT
INSERT INTO ISSUE VALUES(47,'PSLDE-235','Improvement','Closed','2014-10-30 17:01:44.000000','2014-11-06 17:56:44.000000','Minor','Documentation for CR253',960,NULL,4,7)
COMMIT
INSERT INTO WORKLOG VALUES(75,'https://seu30.gdc-sbr01.t-systems.com/jira/rest/api/2/issue/57335/worklog/29290','Lebedeva, Tatyana','2014-10-30 17:02:45.000000','2014-10-30 17:02:45.000000','2014-10-30 17:02:22.000000',600,47)
COMMIT
INSERT INTO WORKLOG VALUES(76,'https://seu30.gdc-sbr01.t-systems.com/jira/rest/api/2/issue/57335/worklog/29526','Lebedeva, Tatyana','2014-11-06 17:56:44.000000','2014-11-06 17:56:44.000000','2014-11-06 17:56:34.000000',360,47)
COMMIT
INSERT INTO ISSUE VALUES(48,'PSLDE-234','Sub-task','Resolved','2014-10-30 11:25:14.000000','2014-12-04 11:52:53.000000','Major','CI: V_V2 transaction inconsistence',1200,NULL,4,6)
COMMIT
INSERT INTO WORKLOG VALUES(77,'https://seu30.gdc-sbr01.t-systems.com/jira/rest/api/2/issue/57298/worklog/29431','Polskiy, Andrey','2014-11-05 17:53:46.000000','2014-11-05 17:53:46.000000','2014-11-05 17:53:41.000000',180,48)
COMMIT
INSERT INTO WORKLOG VALUES(78,'https://seu30.gdc-sbr01.t-systems.com/jira/rest/api/2/issue/57298/worklog/29524','Polskiy, Andrey','2014-11-06 17:08:46.000000','2014-11-06 17:08:46.000000','2014-11-06 17:08:41.000000',180,48)
COMMIT
INSERT INTO WORKLOG VALUES(79,'https://seu30.gdc-sbr01.t-systems.com/jira/rest/api/2/issue/57298/worklog/29660','Polskiy, Andrey','2014-11-11 09:35:40.000000','2014-11-11 09:35:40.000000','2014-11-11 09:35:33.000000',60,48)
COMMIT
INSERT INTO WORKLOG VALUES(80,'https://seu30.gdc-sbr01.t-systems.com/jira/rest/api/2/issue/57298/worklog/29780','Polskiy, Andrey','2014-11-13 17:04:58.000000','2014-11-13 17:04:58.000000','2014-11-13 17:04:54.000000',480,48)
COMMIT
INSERT INTO WORKLOG VALUES(81,'https://seu30.gdc-sbr01.t-systems.com/jira/rest/api/2/issue/57298/worklog/30502','Polskiy, Andrey','2014-12-04 11:52:53.000000','2014-12-04 11:52:53.000000','2014-12-04 11:52:29.000000',300,48)
COMMIT
INSERT INTO ISSUE VALUES(49,'PSLDE-232','Sub-task','Resolved','2014-10-28 12:22:56.000000','2014-10-28 12:24:26.000000','Major','CI: Forecast and Material usage ',240,NULL,4,6)
COMMIT
INSERT INTO WORKLOG VALUES(82,'https://seu30.gdc-sbr01.t-systems.com/jira/rest/api/2/issue/57185/worklog/29231','Polskiy, Andrey','2014-10-28 12:24:26.000000','2014-10-28 12:24:26.000000','2014-10-28 12:23:14.000000',240,49)
COMMIT
INSERT INTO ISSUE VALUES(50,'PSLDE-231','Task','Resolved','2014-10-24 18:35:20.000000','2015-01-26 19:22:01.000000','Major','incident  4200021229  "DTAG Import von gleichen Leistungsnummer"',4080,NULL,4,3)
COMMIT
INSERT INTO WORKLOG VALUES(83,'https://seu30.gdc-sbr01.t-systems.com/jira/rest/api/2/issue/57106/worklog/29263','Sotnikov, Denis','2014-10-29 18:02:46.000000','2014-10-29 20:36:05.000000','2014-10-29 18:02:38.000000',1920,50)
COMMIT
INSERT INTO WORKLOG VALUES(84,'https://seu30.gdc-sbr01.t-systems.com/jira/rest/api/2/issue/57106/worklog/29805','Sotnikov, Denis','2014-11-14 12:34:05.000000','2014-11-14 12:34:05.000000','2014-11-14 12:33:43.000000',1440,50)
COMMIT
INSERT INTO WORKLOG VALUES(85,'https://seu30.gdc-sbr01.t-systems.com/jira/rest/api/2/issue/57106/worklog/31622','Sotnikov, Denis','2015-01-13 12:57:06.000000','2015-01-13 12:57:06.000000','2015-01-13 12:56:55.000000',720,50)
COMMIT
INSERT INTO ISSUE VALUES(51,'PSLDE-230','Sub-task','Resolved','2014-10-24 11:43:10.000000','2014-10-24 11:43:50.000000','Major','DPL/ZPL migration support',180,NULL,4,6)
COMMIT
INSERT INTO WORKLOG VALUES(86,'https://seu30.gdc-sbr01.t-systems.com/jira/rest/api/2/issue/57066/worklog/29152','Polskiy, Andrey','2014-10-24 11:43:50.000000','2014-10-24 11:43:50.000000','2014-10-23 11:43:18.000000',180,51)
COMMIT
INSERT INTO ISSUE VALUES(52,'PSLDE-229','Bug','Closed','2014-10-23 19:42:31.000000','2014-10-24 14:58:48.000000','Major','Smartforms IMPULS Defects',960,NULL,4,4)
COMMIT
INSERT INTO WORKLOG VALUES(87,'https://seu30.gdc-sbr01.t-systems.com/jira/rest/api/2/issue/57038/worklog/29147','Galtsev, Yaroslav','2014-10-23 19:43:36.000000','2014-10-23 19:43:36.000000','2014-10-22 19:42:00.000000',720,52)
COMMIT
INSERT INTO WORKLOG VALUES(88,'https://seu30.gdc-sbr01.t-systems.com/jira/rest/api/2/issue/57038/worklog/29163','Galtsev, Yaroslav','2014-10-24 14:58:48.000000','2014-10-24 14:58:48.000000','2014-10-24 14:58:29.000000',240,52)
COMMIT
INSERT INTO ISSUE VALUES(53,'PSLDE-228','Bug','Closed','2014-10-23 19:39:10.000000','2014-10-24 11:00:29.000000','Major','Defect: Reposting material documents have no price',240,NULL,4,4)
COMMIT
INSERT INTO WORKLOG VALUES(89,'https://seu30.gdc-sbr01.t-systems.com/jira/rest/api/2/issue/57037/worklog/29148','Galtsev, Yaroslav','2014-10-24 11:00:29.000000','2014-10-24 11:00:29.000000','2014-10-24 11:00:16.000000',240,53)
COMMIT
INSERT INTO ISSUE VALUES(54,'PSLDE-227','Improvement','Closed','2014-10-23 17:13:40.000000','2014-11-06 17:15:10.000000','Minor','CR 253 PerformanceVerbesserung',300,NULL,4,7)
COMMIT
INSERT INTO WORKLOG VALUES(90,'https://seu30.gdc-sbr01.t-systems.com/jira/rest/api/2/issue/57031/worklog/29145','Galtsev, Yaroslav','2014-10-23 19:39:26.000000','2014-10-23 19:40:01.000000','2014-10-20 19:39:00.000000',239,54)
COMMIT
INSERT INTO WORKLOG VALUES(91,'https://seu30.gdc-sbr01.t-systems.com/jira/rest/api/2/issue/57031/worklog/29146','Galtsev, Yaroslav','2014-10-23 19:40:41.000000','2014-10-23 19:40:41.000000','2014-10-20 19:40:00.000000',1,54)
COMMIT
INSERT INTO WORKLOG VALUES(92,'https://seu30.gdc-sbr01.t-systems.com/jira/rest/api/2/issue/57031/worklog/29525','Lebedeva, Tatyana','2014-11-06 17:15:10.000000','2014-11-06 17:15:10.000000','2014-11-06 17:14:30.000000',60,54)
COMMIT
INSERT INTO ISSUE VALUES(55,'PSLDE-226','Task','Closed','2014-10-23 12:42:15.000000','2014-11-21 10:07:27.000000','Major','PSL Formulare',4885,NULL,4,8)
COMMIT
INSERT INTO WORKLOG VALUES(93,'https://seu30.gdc-sbr01.t-systems.com/jira/rest/api/2/issue/56999/worklog/29322','Nikiforova, Daria','2014-10-31 15:24:29.000000','2014-10-31 15:24:29.000000','2014-10-31 15:23:57.000000',1440,55)
COMMIT
INSERT INTO WORKLOG VALUES(94,'https://seu30.gdc-sbr01.t-systems.com/jira/rest/api/2/issue/56999/worklog/29323','Nikiforova, Daria','2014-10-31 15:24:57.000000','2014-10-31 15:24:57.000000','2014-10-31 15:24:44.000000',24,55)
COMMIT
INSERT INTO WORKLOG VALUES(95,'https://seu30.gdc-sbr01.t-systems.com/jira/rest/api/2/issue/56999/worklog/29324','Nikiforova, Daria','2014-10-31 15:26:03.000000','2014-10-31 15:26:03.000000','2014-10-31 15:25:41.000000',60,55)
COMMIT
INSERT INTO WORKLOG VALUES(96,'https://seu30.gdc-sbr01.t-systems.com/jira/rest/api/2/issue/56999/worklog/29325','Nikiforova, Daria','2014-10-31 15:26:19.000000','2014-10-31 15:26:19.000000','2014-10-31 15:26:15.000000',0,55)
COMMIT
INSERT INTO WORKLOG VALUES(97,'https://seu30.gdc-sbr01.t-systems.com/jira/rest/api/2/issue/56999/worklog/29565','Nikiforova, Daria','2014-11-07 16:35:03.000000','2014-11-07 16:35:03.000000','2014-11-07 16:34:54.000000',240,55)
COMMIT
INSERT INTO WORKLOG VALUES(98,'https://seu30.gdc-sbr01.t-systems.com/jira/rest/api/2/issue/56999/worklog/29566','Nikiforova, Daria','2014-11-07 16:35:14.000000','2014-11-07 16:35:14.000000','2014-11-07 16:35:07.000000',660,55)
COMMIT
INSERT INTO WORKLOG VALUES(99,'https://seu30.gdc-sbr01.t-systems.com/jira/rest/api/2/issue/56999/worklog/29567','Nikiforova, Daria','2014-11-07 16:37:44.000000','2014-11-07 16:37:44.000000','2014-11-07 16:37:30.000000',60,55)
COMMIT
INSERT INTO WORKLOG VALUES(100,'https://seu30.gdc-sbr01.t-systems.com/jira/rest/api/2/issue/56999/worklog/29769','Borisova, Ekaterina','2014-11-13 11:55:12.000000','2014-11-13 11:55:12.000000','2014-11-13 11:54:44.000000',960,55)
COMMIT
INSERT INTO WORKLOG VALUES(101,'https://seu30.gdc-sbr01.t-systems.com/jira/rest/api/2/issue/56999/worklog/29960','Borisova, Ekaterina','2014-11-18 13:51:06.000000','2014-11-18 13:51:06.000000','2014-11-17 13:50:00.000000',1440,55)
COMMIT
INSERT INTO WORKLOG VALUES(102,'https://seu30.gdc-sbr01.t-systems.com/jira/rest/api/2/issue/56999/worklog/30049','Galtsev, Yaroslav','2014-11-21 10:07:27.000000','2014-11-21 10:07:27.000000','2014-11-21 10:06:59.000000',1,55)
COMMIT
INSERT INTO ISSUE VALUES(56,'PSLDE-225','Bug','Resolved','2014-10-22 17:55:38.000000','2014-10-22 19:54:14.000000','Major','Incident 4200021036: Laufzeitfehler',300,NULL,4,3)
COMMIT
INSERT INTO WORKLOG VALUES(103,'https://seu30.gdc-sbr01.t-systems.com/jira/rest/api/2/issue/56946/worklog/29115','Sotnikov, Denis','2014-10-22 17:57:20.000000','2014-10-22 17:57:38.000000','2014-10-22 17:57:09.000000',120,56)
COMMIT
INSERT INTO WORKLOG VALUES(104,'https://seu30.gdc-sbr01.t-systems.com/jira/rest/api/2/issue/56946/worklog/29121','Sotnikov, Denis','2014-10-22 19:53:55.000000','2014-10-22 19:54:14.000000','2014-10-22 19:52:57.000000',180,56)
COMMIT
INSERT INTO ISSUE VALUES(57,'PSLDE-224','Bug','Resolved','2014-10-22 14:09:57.000000','2014-11-13 14:31:18.000000','Major','Impuls SNC',1440,NULL,4,11)
COMMIT
INSERT INTO WORKLOG VALUES(105,'https://seu30.gdc-sbr01.t-systems.com/jira/rest/api/2/issue/56923/worklog/29777','Anishchenko, Anastasia','2014-11-13 14:31:18.000000','2014-11-13 14:31:18.000000','2014-11-13 14:30:28.000000',1440,57)
COMMIT
INSERT INTO ISSUE VALUES(58,'PSLDE-223','Bug','Resolved','2014-10-22 14:08:50.000000','2014-10-24 12:05:15.000000','Major','Auftrag \u00e4ndern',1440,NULL,4,11)
COMMIT
INSERT INTO WORKLOG VALUES(106,'https://seu30.gdc-sbr01.t-systems.com/jira/rest/api/2/issue/56922/worklog/29153','Anishchenko, Anastasia','2014-10-24 12:05:15.000000','2014-10-24 12:05:15.000000','2014-10-24 12:05:00.000000',1440,58)
COMMIT
INSERT INTO ISSUE VALUES(59,'PSLDE-222','Task','Resolved','2014-10-21 20:28:32.000000','2014-10-30 20:18:47.000000','Minor','Know How Transfer ',72,NULL,4,13)
COMMIT
INSERT INTO WORKLOG VALUES(107,'https://seu30.gdc-sbr01.t-systems.com/jira/rest/api/2/issue/56889/worklog/29309','Mammadov, Ilkin','2014-10-30 20:18:47.000000','2014-10-30 20:18:47.000000','2014-10-30 20:18:14.000000',72,59)
COMMIT
INSERT INTO ISSUE VALUES(60,'PSLDE-221','Task','Resolved','2014-10-21 20:16:16.000000','2014-10-21 20:17:31.000000','Minor','Consultation Mr. Kumm in terms of anonymization',120,NULL,4,13)
COMMIT
INSERT INTO WORKLOG VALUES(108,'https://seu30.gdc-sbr01.t-systems.com/jira/rest/api/2/issue/56886/worklog/29102','Mammadov, Ilkin','2014-10-21 20:17:31.000000','2014-10-21 20:17:31.000000','2014-10-21 20:17:09.000000',120,60)
COMMIT
INSERT INTO ISSUE VALUES(61,'PSLDE-220','Bug','Closed','2014-10-21 20:06:18.000000','2014-10-21 20:28:11.000000','Major','CR1003 Task List UpDownload. Dump out of Memory Defekt 8000034675 ',480,NULL,4,3)
COMMIT
INSERT INTO WORKLOG VALUES(109,'https://seu30.gdc-sbr01.t-systems.com/jira/rest/api/2/issue/56885/worklog/29105','Sotnikov, Denis','2014-10-21 20:22:16.000000','2014-10-21 20:22:16.000000','2014-10-21 20:20:31.000000',480,61)
COMMIT
INSERT INTO ISSUE VALUES(62,'PSLDE-219','Bug','Closed','2014-10-20 13:40:20.000000','2014-10-24 15:40:51.000000','Major','BI Testdaten',1920,NULL,4,10)
COMMIT
INSERT INTO WORKLOG VALUES(110,'https://seu30.gdc-sbr01.t-systems.com/jira/rest/api/2/issue/56757/worklog/29164','Kuchina, Anastasiia','2014-10-24 15:40:51.000000','2014-10-24 15:40:51.000000','2014-10-24 15:40:32.000000',1920,62)
COMMIT
INSERT INTO ISSUE VALUES(63,'PSLDE-218','Bug','Resolved','2014-10-20 09:57:49.000000','2014-10-20 09:58:22.000000','Critical','WEB-Anmeldung an ZPL f\u00fcr Testuser funktioniert nicht',360,NULL,4,11)
COMMIT
INSERT INTO WORKLOG VALUES(111,'https://seu30.gdc-sbr01.t-systems.com/jira/rest/api/2/issue/56711/worklog/29034','Anishchenko, Anastasia','2014-10-20 09:58:22.000000','2014-10-20 09:58:22.000000','2014-10-20 09:58:02.000000',360,63)
COMMIT
INSERT INTO ISSUE VALUES(64,'PSLDE-217','Bug','Closed','2014-10-17 10:51:34.000000','2014-10-21 13:56:22.000000','Major','Smartforms defects',1620,NULL,4,4)
COMMIT
INSERT INTO WORKLOG VALUES(112,'https://seu30.gdc-sbr01.t-systems.com/jira/rest/api/2/issue/56630/worklog/29009','Galtsev, Yaroslav','2014-10-17 10:58:12.000000','2014-10-17 10:58:12.000000','2014-10-17 10:57:59.000000',1560,64)
COMMIT
INSERT INTO WORKLOG VALUES(113,'https://seu30.gdc-sbr01.t-systems.com/jira/rest/api/2/issue/56630/worklog/29086','Galtsev, Yaroslav','2014-10-21 13:56:22.000000','2014-10-21 13:56:22.000000','2014-10-21 13:55:39.000000',60,64)
COMMIT
INSERT INTO ISSUE VALUES(65,'PSLDE-216','Bug','Closed','2014-10-16 19:32:55.000000','2014-10-21 20:31:26.000000','Major','Defect 8000034673',360,NULL,4,7)
COMMIT
INSERT INTO WORKLOG VALUES(114,'https://seu30.gdc-sbr01.t-systems.com/jira/rest/api/2/issue/56622/worklog/29018','Lebedeva, Tatyana','2014-10-17 16:39:10.000000','2014-10-17 16:39:10.000000','2014-10-17 16:38:59.000000',180,65)
COMMIT
INSERT INTO WORKLOG VALUES(115,'https://seu30.gdc-sbr01.t-systems.com/jira/rest/api/2/issue/56622/worklog/29104','Lebedeva, Tatyana','2014-10-21 20:20:01.000000','2014-10-21 20:20:01.000000','2014-10-21 20:19:49.000000',120,65)
COMMIT
INSERT INTO WORKLOG VALUES(116,'https://seu30.gdc-sbr01.t-systems.com/jira/rest/api/2/issue/56622/worklog/29108','Lebedeva, Tatyana','2014-10-21 20:31:26.000000','2014-10-21 20:31:26.000000','2014-10-21 20:30:55.000000',60,65)
COMMIT
INSERT INTO ISSUE VALUES(66,'PSLDE-215','Bug','Resolved','2014-10-16 17:38:39.000000','2014-10-30 19:18:13.000000','Major','Auftragnummer und Zuordnungsnummer in VA01, teilrechnung',960,NULL,4,5)
COMMIT
INSERT INTO WORKLOG VALUES(117,'https://seu30.gdc-sbr01.t-systems.com/jira/rest/api/2/issue/56617/worklog/29301','Anashkina, Lilia','2014-10-30 19:18:13.000000','2014-10-30 19:18:13.000000','2014-10-30 19:17:45.000000',960,66)
COMMIT
INSERT INTO ISSUE VALUES(67,'PSLDE-214','Bug','Resolved','2014-10-15 18:03:27.000000','2014-10-21 14:06:56.000000','Major','Impuls WEB',1440,NULL,4,11)
COMMIT
INSERT INTO WORKLOG VALUES(118,'https://seu30.gdc-sbr01.t-systems.com/jira/rest/api/2/issue/56569/worklog/29087','Anishchenko, Anastasia','2014-10-21 14:06:56.000000','2014-10-21 14:06:56.000000','2014-10-21 14:05:29.000000',1440,67)
COMMIT
INSERT INTO ISSUE VALUES(68,'PSLDE-213','Bug','Resolved','2014-10-15 18:02:20.000000','2014-10-21 14:07:19.000000','Major','Anpasungen Mengenvergleich',1440,NULL,4,11)
COMMIT
INSERT INTO WORKLOG VALUES(119,'https://seu30.gdc-sbr01.t-systems.com/jira/rest/api/2/issue/56567/worklog/29088','Anishchenko, Anastasia','2014-10-21 14:07:19.000000','2014-10-21 14:07:19.000000','2014-10-21 14:07:06.000000',1440,68)
COMMIT
INSERT INTO ISSUE VALUES(69,'PSLDE-212','Task','Resolved','2014-10-13 11:55:28.000000','2014-10-15 16:26:52.000000','Major','Purpose of the keyfields / description of anonymization of text fields',180,NULL,4,13)
COMMIT
INSERT INTO WORKLOG VALUES(120,'https://seu30.gdc-sbr01.t-systems.com/jira/rest/api/2/issue/56407/worklog/28968','Mammadov, Ilkin','2014-10-15 16:26:52.000000','2014-10-15 16:26:52.000000','2014-10-15 16:26:34.000000',180,69)
COMMIT
INSERT INTO ISSUE VALUES(70,'PSLDE-211','Bug','Resolved','2014-10-10 10:30:44.000000','2014-10-10 10:37:00.000000','Major','PROLAB SM-Auftrag',960,NULL,4,5)
COMMIT
INSERT INTO WORKLOG VALUES(121,'https://seu30.gdc-sbr01.t-systems.com/jira/rest/api/2/issue/56180/worklog/28858','Anashkina, Lilia','2014-10-10 10:37:00.000000','2014-10-10 10:37:00.000000','2014-10-08 10:36:00.000000',960,70)
COMMIT
INSERT INTO ISSUE VALUES(71,'PSLDE-210','Bug','Resolved','2014-10-09 18:24:47.000000','2014-10-09 18:25:16.000000','Major','CR 253 Error with Plangroupcounter',240,NULL,4,7)
COMMIT
INSERT INTO WORKLOG VALUES(122,'https://seu30.gdc-sbr01.t-systems.com/jira/rest/api/2/issue/56168/worklog/28849','Lebedeva, Tatyana','2014-10-09 18:25:16.000000','2014-10-09 18:25:16.000000','2014-10-09 18:24:57.000000',240,71)
COMMIT
INSERT INTO ISSUE VALUES(72,'PSLDE-209','Task','Resolved','2014-10-08 11:39:05.000000','2014-10-09 17:09:37.000000','Major','Leistungspaket anlegen (CR1003)',555,NULL,4,11)
COMMIT
INSERT INTO WORKLOG VALUES(123,'https://seu30.gdc-sbr01.t-systems.com/jira/rest/api/2/issue/56077/worklog/28837','Anishchenko, Anastasia','2014-10-09 17:06:49.000000','2014-10-09 17:06:49.000000','2014-10-09 17:05:23.000000',60,72)
COMMIT
INSERT INTO WORKLOG VALUES(124,'https://seu30.gdc-sbr01.t-systems.com/jira/rest/api/2/issue/56077/worklog/28840','Anishchenko, Anastasia','2014-10-09 17:08:24.000000','2014-10-09 17:08:24.000000','2014-10-09 17:07:36.000000',8,72)
COMMIT
INSERT INTO WORKLOG VALUES(125,'https://seu30.gdc-sbr01.t-systems.com/jira/rest/api/2/issue/56077/worklog/28842','Anishchenko, Anastasia','2014-10-09 17:08:54.000000','2014-10-09 17:08:54.000000','2014-10-09 17:08:38.000000',480,72)
COMMIT
INSERT INTO WORKLOG VALUES(126,'https://seu30.gdc-sbr01.t-systems.com/jira/rest/api/2/issue/56077/worklog/28843','Anishchenko, Anastasia','2014-10-09 17:09:37.000000','2014-10-09 17:09:37.000000','2014-10-09 17:09:25.000000',7,72)
COMMIT
INSERT INTO ISSUE VALUES(73,'PSLDE-208','Task','Resolved','2014-10-08 11:36:42.000000','2014-10-09 17:10:12.000000','Major','Megaplan / MV Toleranz',480,NULL,4,11)
COMMIT
INSERT INTO WORKLOG VALUES(127,'https://seu30.gdc-sbr01.t-systems.com/jira/rest/api/2/issue/56076/worklog/28844','Anishchenko, Anastasia','2014-10-09 17:10:12.000000','2014-10-09 17:10:12.000000','2014-10-09 17:09:54.000000',480,73)
COMMIT
INSERT INTO ISSUE VALUES(74,'PSLDE-207','Sub-task','Resolved','2014-10-07 11:20:26.000000','2014-10-09 17:02:26.000000','Major','Incident 8000034153',300,NULL,4,6)
COMMIT
INSERT INTO WORKLOG VALUES(128,'https://seu30.gdc-sbr01.t-systems.com/jira/rest/api/2/issue/56025/worklog/28739','Polskiy, Andrey','2014-10-07 11:22:59.000000','2014-10-07 11:22:59.000000','2014-10-07 11:22:53.000000',180,74)
COMMIT
INSERT INTO WORKLOG VALUES(129,'https://seu30.gdc-sbr01.t-systems.com/jira/rest/api/2/issue/56025/worklog/28832','Polskiy, Andrey','2014-10-09 17:01:21.000000','2014-10-09 17:01:21.000000','2014-10-09 17:01:13.000000',60,74)
COMMIT
INSERT INTO WORKLOG VALUES(130,'https://seu30.gdc-sbr01.t-systems.com/jira/rest/api/2/issue/56025/worklog/28833','Polskiy, Andrey','2014-10-09 17:02:26.000000','2014-10-09 17:02:26.000000','2014-10-09 17:01:29.000000',60,74)
COMMIT
INSERT INTO ISSUE VALUES(75,'PSLDE-206','Bug','Closed','2014-10-03 18:49:35.000000','2014-10-17 11:00:53.000000','Trivial','Defect 8000034153: backdelivery of the drum is not possible',601,NULL,4,4)
COMMIT
INSERT INTO WORKLOG VALUES(131,'https://seu30.gdc-sbr01.t-systems.com/jira/rest/api/2/issue/55865/worklog/28723','Galtsev, Yaroslav','2014-10-03 18:51:09.000000','2014-10-03 18:51:09.000000','2014-10-03 18:50:13.000000',360,75)
COMMIT
INSERT INTO WORKLOG VALUES(132,'https://seu30.gdc-sbr01.t-systems.com/jira/rest/api/2/issue/55865/worklog/29010','Galtsev, Yaroslav','2014-10-17 10:58:45.000000','2014-10-17 10:58:45.000000','2014-10-17 10:58:36.000000',120,75)
COMMIT
INSERT INTO WORKLOG VALUES(133,'https://seu30.gdc-sbr01.t-systems.com/jira/rest/api/2/issue/55865/worklog/29011','Galtsev, Yaroslav','2014-10-17 11:00:20.000000','2014-10-17 11:00:20.000000','2014-10-17 11:00:11.000000',120,75)
COMMIT
INSERT INTO WORKLOG VALUES(134,'https://seu30.gdc-sbr01.t-systems.com/jira/rest/api/2/issue/55865/worklog/29012','Galtsev, Yaroslav','2014-10-17 11:00:53.000000','2014-10-17 11:00:53.000000','2014-10-17 11:00:30.000000',1,75)
COMMIT
INSERT INTO ISSUE VALUES(76,'PSLDE-205','Bug','Resolved','2014-10-02 19:41:14.000000','2014-10-10 10:26:28.000000','Trivial','Defect: 8000034181(Formularfehler Angebot)',480,NULL,4,5)
COMMIT
INSERT INTO WORKLOG VALUES(135,'https://seu30.gdc-sbr01.t-systems.com/jira/rest/api/2/issue/55849/worklog/28857','Anashkina, Lilia','2014-10-10 10:26:28.000000','2014-10-10 10:26:28.000000','2014-10-10 10:25:46.000000',480,76)
COMMIT
INSERT INTO ISSUE VALUES(77,'PSLDE-204','Task','Resolved','2014-10-02 19:18:51.000000','2014-10-10 10:40:30.000000','Minor','ProLaB Process',4800,NULL,4,5)
COMMIT
INSERT INTO WORKLOG VALUES(136,'https://seu30.gdc-sbr01.t-systems.com/jira/rest/api/2/issue/55848/worklog/28861','Anashkina, Lilia','2014-10-10 10:40:30.000000','2014-10-10 10:40:30.000000','2014-10-10 10:39:00.000000',4800,77)
COMMIT
INSERT INTO ISSUE VALUES(78,'PSLDE-198','Bug','Closed','2014-10-02 17:25:02.000000','2014-10-02 17:26:48.000000','Major','Smartforms different defects: ZA03, ZA06, ZAK6',488,NULL,4,4)
COMMIT
INSERT INTO WORKLOG VALUES(137,'https://seu30.gdc-sbr01.t-systems.com/jira/rest/api/2/issue/55836/worklog/28698','Galtsev, Yaroslav','2014-10-02 17:25:25.000000','2014-10-02 17:25:25.000000','2014-10-01 17:25:00.000000',8,78)
COMMIT
INSERT INTO WORKLOG VALUES(138,'https://seu30.gdc-sbr01.t-systems.com/jira/rest/api/2/issue/55836/worklog/28699','Galtsev, Yaroslav','2014-10-02 17:25:42.000000','2014-10-02 17:25:42.000000','2014-10-01 17:25:00.000000',480,78)
COMMIT
INSERT INTO ISSUE VALUES(79,'PSLDE-197','Improvement','Closed','2014-10-02 17:20:39.000000','2014-10-02 17:21:54.000000','Major','Smartforms development-defect: new window in Output-maintanence dialog',1680,NULL,4,4)
COMMIT
INSERT INTO WORKLOG VALUES(139,'https://seu30.gdc-sbr01.t-systems.com/jira/rest/api/2/issue/55835/worklog/28697','Galtsev, Yaroslav','2014-10-02 17:21:34.000000','2014-10-02 17:21:34.000000','2014-09-26 17:20:00.000000',1680,79)
COMMIT
INSERT INTO ISSUE VALUES(80,'PSLDE-196','Bug','Closed','2014-10-02 14:30:27.000000','2014-10-16 14:24:31.000000','Major','Customizing TD 502 testen',2881,NULL,4,10)
COMMIT
INSERT INTO WORKLOG VALUES(140,'https://seu30.gdc-sbr01.t-systems.com/jira/rest/api/2/issue/55828/worklog/28983','Gridneva, Olga','2014-10-16 13:59:17.000000','2014-10-16 13:59:17.000000','2014-10-16 13:59:02.000000',2880,80)
COMMIT
INSERT INTO WORKLOG VALUES(141,'https://seu30.gdc-sbr01.t-systems.com/jira/rest/api/2/issue/55828/worklog/28984','Gridneva, Olga','2014-10-16 14:24:31.000000','2014-10-16 14:24:31.000000','2014-10-16 14:23:42.000000',1,80)
COMMIT
INSERT INTO ISSUE VALUES(81,'PSLDE-194','Bug','Closed','2014-09-30 15:24:31.000000','2014-10-17 12:14:31.000000','Major','Dokumentation aTB/LEMAN',1920,NULL,4,9)
COMMIT
INSERT INTO WORKLOG VALUES(142,'https://seu30.gdc-sbr01.t-systems.com/jira/rest/api/2/issue/55378/worklog/29013','Kuchina, Anastasiia','2014-10-17 12:14:31.000000','2014-10-17 12:14:31.000000','2014-10-17 12:12:04.000000',1920,81)
COMMIT
INSERT INTO ASSIGNEE VALUES(14,'Chernitsyna, Larisa','Larisa.Chernitsyna@t-systems.com')
COMMIT
INSERT INTO ISSUE VALUES(82,'PSLDE-193','Task','Closed','2014-09-29 19:12:34.000000','2014-09-29 19:21:37.000000','Minor','Vorabversand durchf\u00fchren, Beispiele anlegen, dokumentieren',480,NULL,4,14)
COMMIT
INSERT INTO WORKLOG VALUES(143,'https://seu30.gdc-sbr01.t-systems.com/jira/rest/api/2/issue/55318/worklog/28624','Chernitsyna, Larisa','2014-09-29 19:15:45.000000','2014-09-29 19:15:45.000000','2014-09-29 19:14:51.000000',480,82)
COMMIT
INSERT INTO ASSIGNEE VALUES(15,'Nikiforova, Daria','Daria.Nikiforova@t-systems.com')
COMMIT
INSERT INTO ISSUE VALUES(83,'PSLDE-192','Task','Closed','2014-09-29 12:27:40.000000','2014-10-02 10:56:14.000000','Major','Smartforms Prolab',1440,NULL,4,15)
COMMIT
INSERT INTO WORKLOG VALUES(144,'https://seu30.gdc-sbr01.t-systems.com/jira/rest/api/2/issue/55178/worklog/28677','Nikiforova, Daria','2014-10-02 10:53:41.000000','2014-10-02 10:53:41.000000','2014-10-02 10:53:22.000000',1440,83)
COMMIT
INSERT INTO ISSUE VALUES(84,'PSLDE-190','Sub-task','Resolved','2014-09-26 11:19:39.000000','2014-10-24 11:35:38.000000','Major','CI: F4 Searchhelp',3001,NULL,4,6)
COMMIT
INSERT INTO WORKLOG VALUES(145,'https://seu30.gdc-sbr01.t-systems.com/jira/rest/api/2/issue/55067/worklog/28738','Polskiy, Andrey','2014-10-07 11:22:01.000000','2014-10-07 11:22:01.000000','2014-10-07 11:21:51.000000',720,84)
COMMIT
INSERT INTO WORKLOG VALUES(146,'https://seu30.gdc-sbr01.t-systems.com/jira/rest/api/2/issue/55067/worklog/28834','Polskiy, Andrey','2014-10-09 17:03:36.000000','2014-10-09 17:03:36.000000','2014-10-09 17:03:27.000000',12,84)
COMMIT
INSERT INTO WORKLOG VALUES(147,'https://seu30.gdc-sbr01.t-systems.com/jira/rest/api/2/issue/55067/worklog/28835','Polskiy, Andrey','2014-10-09 17:05:16.000000','2014-10-09 17:05:16.000000','2014-10-09 17:03:43.000000',11,84)
COMMIT
INSERT INTO WORKLOG VALUES(148,'https://seu30.gdc-sbr01.t-systems.com/jira/rest/api/2/issue/55067/worklog/28836','Polskiy, Andrey','2014-10-09 17:06:03.000000','2014-10-09 17:06:03.000000','2014-10-09 17:05:57.000000',708,84)
COMMIT
INSERT INTO WORKLOG VALUES(149,'https://seu30.gdc-sbr01.t-systems.com/jira/rest/api/2/issue/55067/worklog/28838','Polskiy, Andrey','2014-10-09 17:07:30.000000','2014-10-09 17:07:30.000000','2014-10-09 17:07:22.000000',28,84)
COMMIT
INSERT INTO WORKLOG VALUES(150,'https://seu30.gdc-sbr01.t-systems.com/jira/rest/api/2/issue/55067/worklog/28839','Polskiy, Andrey','2014-10-09 17:07:54.000000','2014-10-09 17:07:54.000000','2014-10-09 17:07:46.000000',20,84)
COMMIT
INSERT INTO WORKLOG VALUES(151,'https://seu30.gdc-sbr01.t-systems.com/jira/rest/api/2/issue/55067/worklog/28841','Polskiy, Andrey','2014-10-09 17:08:27.000000','2014-10-09 17:08:27.000000','2014-10-09 17:08:18.000000',60,84)
COMMIT
INSERT INTO WORKLOG VALUES(152,'https://seu30.gdc-sbr01.t-systems.com/jira/rest/api/2/issue/55067/worklog/28927','Polskiy, Andrey','2014-10-13 09:08:04.000000','2014-10-13 09:08:04.000000','2014-10-13 09:07:07.000000',240,84)
COMMIT
INSERT INTO WORKLOG VALUES(153,'https://seu30.gdc-sbr01.t-systems.com/jira/rest/api/2/issue/55067/worklog/29149','Polskiy, Andrey','2014-10-24 11:34:22.000000','2014-10-24 11:34:22.000000','2014-10-20 11:33:58.000000',1200,84)
COMMIT
INSERT INTO WORKLOG VALUES(154,'https://seu30.gdc-sbr01.t-systems.com/jira/rest/api/2/issue/55067/worklog/29150','Polskiy, Andrey','2014-10-24 11:35:38.000000','2014-10-24 11:35:38.000000','2014-10-24 11:35:03.000000',1,84)
COMMIT
INSERT INTO ISSUE VALUES(85,'PSLDE-189','Bug','Resolved','2014-09-25 19:40:32.000000','2014-11-21 12:51:20.000000','Minor','Texts for Formulars',1440,NULL,4,5)
COMMIT
INSERT INTO WORKLOG VALUES(155,'https://seu30.gdc-sbr01.t-systems.com/jira/rest/api/2/issue/55045/worklog/30075','Anashkina, Lilia','2014-11-21 12:51:20.000000','2014-11-21 12:51:20.000000','2014-11-21 12:51:03.000000',1440,85)
COMMIT
INSERT INTO ISSUE VALUES(86,'PSLDE-188','Sub-task','Resolved','2014-09-25 16:53:11.000000','2014-09-26 11:06:02.000000','Major','CI: wrong warehouse',120,NULL,4,6)
COMMIT
INSERT INTO WORKLOG VALUES(156,'https://seu30.gdc-sbr01.t-systems.com/jira/rest/api/2/issue/55036/worklog/28576','Polskiy, Andrey','2014-09-26 11:06:02.000000','2014-09-26 11:06:02.000000','2014-09-26 11:05:49.000000',120,86)
COMMIT
INSERT INTO ISSUE VALUES(87,'PSLDE-187','New Feature','Resolved','2014-09-25 13:57:27.000000','2014-10-09 18:22:31.000000','Major','FP_PS_0710_E_BANF_Erzeugung_aus_SM_Auftrag',1440,NULL,4,7)
COMMIT
INSERT INTO WORKLOG VALUES(157,'https://seu30.gdc-sbr01.t-systems.com/jira/rest/api/2/issue/55028/worklog/28848','Lebedeva, Tatyana','2014-10-09 18:22:31.000000','2014-10-09 18:22:31.000000','2014-10-01 19:34:00.000000',1440,87)
COMMIT
INSERT INTO ISSUE VALUES(88,'PSLDE-180','Sub-task','Closed','2014-09-19 17:20:15.000000','2014-10-13 11:50:36.000000','Major','Scenario tests',300,NULL,4,10)
COMMIT
INSERT INTO WORKLOG VALUES(158,'https://seu30.gdc-sbr01.t-systems.com/jira/rest/api/2/issue/54741/worklog/28859','Gridneva, Olga','2014-10-10 10:37:48.000000','2014-10-10 10:37:48.000000','2014-10-10 10:36:50.000000',120,88)
COMMIT
INSERT INTO WORKLOG VALUES(159,'https://seu30.gdc-sbr01.t-systems.com/jira/rest/api/2/issue/54741/worklog/28860','Gridneva, Olga','2014-10-10 10:38:18.000000','2014-10-10 10:38:18.000000','2014-10-10 10:38:07.000000',120,88)
COMMIT
INSERT INTO WORKLOG VALUES(160,'https://seu30.gdc-sbr01.t-systems.com/jira/rest/api/2/issue/54741/worklog/28928','Lukashev, Alexander','2014-10-13 11:50:36.000000','2014-10-13 11:50:36.000000','2014-10-13 11:50:16.000000',60,88)
COMMIT
INSERT INTO ISSUE VALUES(89,'PSLDE-176','Task','Closed','2014-09-19 16:26:14.000000','2014-11-05 12:46:50.000000','Major','aTB Testen',12000,NULL,4,10)
COMMIT
INSERT INTO WORKLOG VALUES(161,'https://seu30.gdc-sbr01.t-systems.com/jira/rest/api/2/issue/54736/worklog/29423','Sitnikova, Inna','2014-11-05 12:46:50.000000','2014-11-05 12:46:50.000000','2014-11-05 12:45:13.000000',12000,89)
COMMIT
INSERT INTO ISSUE VALUES(90,'PSLDE-175','Improvement','Closed','2014-09-19 14:44:15.000000','2014-12-04 17:47:24.000000','Minor','One.ErP PSL Formularen',2400,NULL,4,11)
COMMIT
INSERT INTO WORKLOG VALUES(162,'https://seu30.gdc-sbr01.t-systems.com/jira/rest/api/2/issue/54730/worklog/30524','Anishchenko, Anastasia','2014-12-04 17:47:24.000000','2014-12-04 17:47:24.000000','2014-12-04 17:47:01.000000',2400,90)
COMMIT
INSERT INTO ASSIGNEE VALUES(16,'Borodin, Oleg','Oleg.Borodin@t-systems.com')
COMMIT
INSERT INTO ISSUE VALUES(91,'PSLDE-172','Bug','Closed','2014-09-15 21:40:14.000000','2014-10-21 11:34:23.000000','Minor','Formblatt SM-Auftrag ',0,NULL,4,16)
COMMIT
INSERT INTO WORKLOG VALUES(163,'https://seu30.gdc-sbr01.t-systems.com/jira/rest/api/2/issue/54527/worklog/29079','Borodin, Oleg','2014-10-21 11:34:23.000000','2014-10-21 11:34:23.000000','2014-10-21 11:34:01.000000',0,91)
COMMIT
INSERT INTO ISSUE VALUES(92,'PSLDE-171','Bug','Closed','2014-09-15 21:26:49.000000','2014-10-21 11:35:59.000000','Major','Defect_8000032502',20,NULL,4,16)
COMMIT
INSERT INTO WORKLOG VALUES(164,'https://seu30.gdc-sbr01.t-systems.com/jira/rest/api/2/issue/54524/worklog/29081','Borodin, Oleg','2014-10-21 11:35:59.000000','2014-10-21 11:35:59.000000','2014-10-21 11:35:50.000000',20,92)
COMMIT
INSERT INTO ISSUE VALUES(93,'PSLDE-170','Sub-task','Resolved','2014-09-15 11:28:28.000000','2014-09-15 11:30:18.000000','Major','Drum batch is not listed in ZRM_RCI_DRUM_DEB_LI',3,NULL,4,6)
COMMIT
INSERT INTO WORKLOG VALUES(165,'https://seu30.gdc-sbr01.t-systems.com/jira/rest/api/2/issue/54490/worklog/28405','Polskiy, Andrey','2014-09-15 11:29:15.000000','2014-09-15 11:29:15.000000','2014-09-15 11:28:54.000000',3,93)
COMMIT
INSERT INTO ISSUE VALUES(94,'PSLDE-169','Sub-task','Resolved','2014-09-12 15:26:51.000000','2014-10-24 11:37:04.000000','Major','Missing drum',961,NULL,4,6)
COMMIT
INSERT INTO WORKLOG VALUES(166,'https://seu30.gdc-sbr01.t-systems.com/jira/rest/api/2/issue/54440/worklog/28439','Lukashev, Alexander','2014-09-16 17:55:48.000000','2014-09-16 17:55:48.000000','2014-09-16 17:55:31.000000',1,94)
COMMIT
INSERT INTO WORKLOG VALUES(167,'https://seu30.gdc-sbr01.t-systems.com/jira/rest/api/2/issue/54440/worklog/28467','Polskiy, Andrey','2014-09-19 08:26:23.000000','2014-09-19 08:26:23.000000','2014-09-19 08:26:00.000000',900,94)
COMMIT
INSERT INTO WORKLOG VALUES(168,'https://seu30.gdc-sbr01.t-systems.com/jira/rest/api/2/issue/54440/worklog/29151','Polskiy, Andrey','2014-10-24 11:37:04.000000','2014-10-24 11:37:04.000000','2014-10-23 11:36:40.000000',60,94)
COMMIT
INSERT INTO ASSIGNEE VALUES(17,'ABSENT','NoEmail')
COMMIT
INSERT INTO ISSUE VALUES(95,'PSLDE-166','Bug','Closed','2014-09-12 14:42:40.000000','2014-09-15 16:46:24.000000','Major','Test4',120,NULL,4,17)
COMMIT
INSERT INTO WORKLOG VALUES(169,'https://seu30.gdc-sbr01.t-systems.com/jira/rest/api/2/issue/54436/worklog/28381','Lukashev, Alexander','2014-09-12 14:44:14.000000','2014-09-12 14:44:14.000000','2014-09-12 14:43:28.000000',120,95)
COMMIT
INSERT INTO ASSIGNEE VALUES(18,'Lukashev, Alexander','Alexander.Lukashev@t-systems.com')
COMMIT
INSERT INTO ISSUE VALUES(96,'PSLDE-161','Bug','Closed','2014-09-12 12:23:45.000000','2014-09-15 16:46:37.000000','Major','Test',1,NULL,4,18)
COMMIT
INSERT INTO WORKLOG VALUES(170,'https://seu30.gdc-sbr01.t-systems.com/jira/rest/api/2/issue/54420/worklog/28376','Lukashev, Alexander','2014-09-12 12:26:09.000000','2014-09-12 12:26:09.000000','2014-09-12 12:24:35.000000',1,96)
COMMIT
INSERT INTO ISSUE VALUES(97,'PSLDE-160','Bug','Closed','2014-09-10 20:09:06.000000','2014-10-10 10:42:10.000000','Major','TF-Erstellung und Testdurchf\u00fchrung',240,NULL,4,10)
COMMIT
INSERT INTO WORKLOG VALUES(171,'https://seu30.gdc-sbr01.t-systems.com/jira/rest/api/2/issue/54381/worklog/28862','Gridneva, Olga','2014-10-10 10:41:50.000000','2014-10-10 10:41:50.000000','2014-10-10 10:40:53.000000',120,97)
COMMIT
INSERT INTO WORKLOG VALUES(172,'https://seu30.gdc-sbr01.t-systems.com/jira/rest/api/2/issue/54381/worklog/28863','Gridneva, Olga','2014-10-10 10:42:10.000000','2014-10-10 10:42:10.000000','2014-10-10 10:41:53.000000',120,97)
COMMIT
INSERT INTO ISSUE VALUES(98,'PSLDE-159','Bug','Closed','2014-09-10 20:04:15.000000','2014-10-15 13:27:06.000000','Major','Testdatenermittlung',1560,NULL,4,10)
COMMIT
INSERT INTO WORKLOG VALUES(173,'https://seu30.gdc-sbr01.t-systems.com/jira/rest/api/2/issue/54380/worklog/28961','Gridneva, Olga','2014-10-15 13:25:21.000000','2014-10-15 13:25:21.000000','2014-10-15 13:23:36.000000',780,98)
COMMIT
INSERT INTO WORKLOG VALUES(174,'https://seu30.gdc-sbr01.t-systems.com/jira/rest/api/2/issue/54380/worklog/28962','Gridneva, Olga','2014-10-15 13:27:06.000000','2014-10-15 13:27:06.000000','2014-10-15 13:26:57.000000',780,98)
COMMIT
INSERT INTO ISSUE VALUES(99,'PSLDE-154','Sub-task','Resolved','2014-09-05 11:13:47.000000','2014-09-19 08:22:27.000000','Major','MD04 wrong stock assignment',1980,NULL,4,6)
COMMIT
INSERT INTO WORKLOG VALUES(175,'https://seu30.gdc-sbr01.t-systems.com/jira/rest/api/2/issue/54011/worklog/28382','Polskiy, Andrey','2014-09-12 14:54:11.000000','2014-09-12 14:54:11.000000','2014-09-12 14:53:59.000000',1920,99)
COMMIT
INSERT INTO WORKLOG VALUES(176,'https://seu30.gdc-sbr01.t-systems.com/jira/rest/api/2/issue/54011/worklog/28465','Polskiy, Andrey','2014-09-19 08:21:32.000000','2014-09-19 08:21:32.000000','2014-09-19 08:20:26.000000',1,99)
COMMIT
INSERT INTO WORKLOG VALUES(177,'https://seu30.gdc-sbr01.t-systems.com/jira/rest/api/2/issue/54011/worklog/28466','Polskiy, Andrey','2014-09-19 08:21:52.000000','2014-09-19 08:21:52.000000','2014-09-19 08:21:44.000000',59,99)
COMMIT
INSERT INTO ISSUE VALUES(100,'PSLDE-153','Task','Closed','2014-09-04 13:31:40.000000','2014-10-02 10:58:55.000000','Major','Kollokationprozess',244,NULL,4,15)
COMMIT
INSERT INTO WORKLOG VALUES(178,'https://seu30.gdc-sbr01.t-systems.com/jira/rest/api/2/issue/53958/worklog/28487','Nikiforova, Daria','2014-09-19 14:20:29.000000','2014-09-19 14:20:29.000000','2014-09-19 14:20:27.000000',4,100)
COMMIT
INSERT INTO WORKLOG VALUES(179,'https://seu30.gdc-sbr01.t-systems.com/jira/rest/api/2/issue/53958/worklog/28488','Nikiforova, Daria','2014-09-19 14:20:38.000000','2014-09-19 14:20:38.000000','2014-09-19 14:20:35.000000',240,100)
COMMIT
INSERT INTO ISSUE VALUES(101,'PSLDE-152','Task','Resolved','2014-09-04 13:16:19.000000','2014-09-25 16:47:46.000000','Major','Smartforms Logistikformulare',2190,NULL,4,4)
COMMIT
INSERT INTO WORKLOG VALUES(180,'https://seu30.gdc-sbr01.t-systems.com/jira/rest/api/2/issue/53953/worklog/28484','Nikiforova, Daria','2014-09-19 14:19:21.000000','2014-09-19 14:19:21.000000','2014-09-19 14:19:10.000000',6,101)
COMMIT
INSERT INTO WORKLOG VALUES(181,'https://seu30.gdc-sbr01.t-systems.com/jira/rest/api/2/issue/53953/worklog/28485','Nikiforova, Daria','2014-09-19 14:19:32.000000','2014-09-19 14:19:32.000000','2014-09-19 14:19:25.000000',360,101)
COMMIT
INSERT INTO WORKLOG VALUES(182,'https://seu30.gdc-sbr01.t-systems.com/jira/rest/api/2/issue/53953/worklog/28486','Nikiforova, Daria','2014-09-19 14:20:00.000000','2014-09-19 14:20:00.000000','2014-09-19 14:19:38.000000',360,101)
COMMIT
INSERT INTO WORKLOG VALUES(183,'https://seu30.gdc-sbr01.t-systems.com/jira/rest/api/2/issue/53953/worklog/28567','Galtsev, Yaroslav','2014-09-25 16:41:23.000000','2014-09-25 16:41:23.000000','2014-09-21 16:34:00.000000',24,101)
COMMIT
INSERT INTO WORKLOG VALUES(184,'https://seu30.gdc-sbr01.t-systems.com/jira/rest/api/2/issue/53953/worklog/28568','Galtsev, Yaroslav','2014-09-25 16:43:31.000000','2014-09-25 16:43:31.000000','2014-09-21 16:42:00.000000',1440,101)
COMMIT
INSERT INTO ISSUE VALUES(102,'PSLDE-150','Improvement','Closed','2014-09-02 17:32:55.000000','2015-01-26 17:30:41.000000','Trivial','Code-review',60,NULL,4,3)
COMMIT
INSERT INTO WORKLOG VALUES(185,'https://seu30.gdc-sbr01.t-systems.com/jira/rest/api/2/issue/53804/worklog/32071','Sotnikov, Denis','2015-01-26 17:30:41.000000','2015-01-26 17:30:41.000000','2015-01-26 17:30:32.000000',60,102)
COMMIT
INSERT INTO ISSUE VALUES(103,'PSLDE-123','Improvement','Closed','2014-08-14 11:02:44.000000','2014-10-21 11:35:12.000000','Minor','Defect 8000029931 - FP_PR_Preise aus RV nicht \u00fcbernommen',4,NULL,4,16)
COMMIT
INSERT INTO WORKLOG VALUES(186,'https://seu30.gdc-sbr01.t-systems.com/jira/rest/api/2/issue/52915/worklog/29080','Borodin, Oleg','2014-10-21 11:35:12.000000','2014-10-21 11:35:12.000000','2014-10-21 11:34:59.000000',4,103)
COMMIT
INSERT INTO ISSUE VALUES(104,'PSLDE-100','New Feature','Closed','2014-07-24 11:49:15.000000','2014-11-07 16:40:35.000000','Critical','CR1165',9600,NULL,4,12)
COMMIT
INSERT INTO WORKLOG VALUES(187,'https://seu30.gdc-sbr01.t-systems.com/jira/rest/api/2/issue/52398/worklog/29569','Sokolov, Pavel','2014-11-07 16:40:15.000000','2014-11-07 16:40:15.000000','2014-11-07 16:39:18.000000',4800,104)
COMMIT
INSERT INTO WORKLOG VALUES(188,'https://seu30.gdc-sbr01.t-systems.com/jira/rest/api/2/issue/52398/worklog/29570','Sokolov, Pavel','2014-11-07 16:40:35.000000','2014-11-07 16:40:35.000000','2014-11-07 16:40:24.000000',4800,104)
COMMIT
INSERT INTO ISSUE VALUES(105,'PSLDE-98','Task','Closed','2014-07-23 18:11:57.000000','2014-09-04 18:18:45.000000','Trivial','Test',60,NULL,4,18)
COMMIT
INSERT INTO WORKLOG VALUES(189,'https://seu30.gdc-sbr01.t-systems.com/jira/rest/api/2/issue/52393/worklog/27571','Lukashev, Alexander','2014-07-23 18:15:27.000000','2014-07-23 18:15:27.000000','2014-07-23 18:15:18.000000',60,105)
COMMIT
INSERT INTO ISSUE VALUES(106,'PSLDE-95','Task','Closed','2014-07-22 13:42:24.000000','2014-10-02 10:58:26.000000','Major','Smartforms',120,NULL,4,15)
COMMIT
INSERT INTO WORKLOG VALUES(190,'https://seu30.gdc-sbr01.t-systems.com/jira/rest/api/2/issue/52356/worklog/28408','Nikiforova, Daria','2014-09-15 17:45:43.000000','2014-09-15 17:45:43.000000','2014-09-15 17:45:14.000000',120,106)
COMMIT
INSERT INTO ISSUE VALUES(107,'PSLDE-89','Sub-task','Closed','2014-07-01 12:34:18.000000','2014-09-19 14:44:08.000000','Major','CI Material reposting',181,NULL,4,4)
COMMIT
INSERT INTO WORKLOG VALUES(191,'https://seu30.gdc-sbr01.t-systems.com/jira/rest/api/2/issue/37909/worklog/28438','Lukashev, Alexander','2014-09-16 17:48:26.000000','2014-09-16 17:48:26.000000','2014-09-16 17:48:09.000000',1,107)
COMMIT
INSERT INTO WORKLOG VALUES(192,'https://seu30.gdc-sbr01.t-systems.com/jira/rest/api/2/issue/37909/worklog/28459','Galtsev, Yaroslav','2014-09-18 17:08:40.000000','2014-09-18 17:08:40.000000','2014-09-17 17:08:00.000000',120,107)
COMMIT
INSERT INTO WORKLOG VALUES(193,'https://seu30.gdc-sbr01.t-systems.com/jira/rest/api/2/issue/37909/worklog/28489','Galtsev, Yaroslav','2014-09-19 14:42:38.000000','2014-09-19 14:43:08.000000','2014-09-19 14:40:27.000000',60,107)
COMMIT
INSERT INTO ASSIGNEE VALUES(19,'Bichev, Vladimir','Vladimir.Bichev@t-systems.com')
COMMIT
INSERT INTO ISSUE VALUES(108,'PSLDE-77','Improvement','Closed','2014-06-09 12:13:04.000000','2014-10-20 13:20:29.000000','Minor','For BF, Planbuch, Impuls and Leman all screens should be documented',60,NULL,4,19)
COMMIT
INSERT INTO WORKLOG VALUES(194,'https://seu30.gdc-sbr01.t-systems.com/jira/rest/api/2/issue/37641/worklog/29047','Bichev, Vladimir','2014-10-20 13:20:29.000000','2014-10-20 13:20:29.000000','2014-10-20 13:20:11.000000',60,108)
COMMIT
INSERT INTO ISSUE VALUES(109,'PSLDE-45','Task','Closed','2014-04-28 17:05:21.000000','2015-01-15 17:10:51.000000','Major','Schnittstellen. Service MESSAGE',480,NULL,4,8)
COMMIT
INSERT INTO WORKLOG VALUES(195,'https://seu30.gdc-sbr01.t-systems.com/jira/rest/api/2/issue/36647/worklog/31713','Borisova, Ekaterina','2015-01-15 17:10:51.000000','2015-01-15 17:10:51.000000','2015-01-15 17:10:28.000000',480,109)
COMMIT
INSERT INTO ISSUE VALUES(110,'PSLDE-14','Sub-task','Resolved','2014-04-21 13:38:56.000000','2014-11-11 09:25:47.000000','Trivial','Analysis of CI inner screens in cable transactions',840,NULL,4,6)
COMMIT
INSERT INTO WORKLOG VALUES(196,'https://seu30.gdc-sbr01.t-systems.com/jira/rest/api/2/issue/36464/worklog/29430','Polskiy, Andrey','2014-11-05 17:53:20.000000','2014-11-05 17:53:20.000000','2014-11-05 17:53:12.000000',180,110)
COMMIT
INSERT INTO WORKLOG VALUES(197,'https://seu30.gdc-sbr01.t-systems.com/jira/rest/api/2/issue/36464/worklog/29523','Polskiy, Andrey','2014-11-06 17:08:07.000000','2014-11-06 17:08:07.000000','2014-11-06 17:08:02.000000',360,110)
COMMIT
INSERT INTO WORKLOG VALUES(198,'https://seu30.gdc-sbr01.t-systems.com/jira/rest/api/2/issue/36464/worklog/29659','Polskiy, Andrey','2014-11-11 09:25:47.000000','2014-11-11 09:25:47.000000','2014-11-11 09:25:25.000000',300,110)
COMMIT
INSERT INTO ASSIGNEE VALUES(20,'Khromykh, Elena','Elena.Khromykh@t-systems.com')
COMMIT
INSERT INTO ISSUE VALUES(111,'PSLDE-8','Task','Closed','2014-04-16 16:16:41.000000','2014-10-23 14:09:09.000000','Minor','Compare data fields in PSL',38400,NULL,4,20)
COMMIT
INSERT INTO WORKLOG VALUES(199,'https://seu30.gdc-sbr01.t-systems.com/jira/rest/api/2/issue/36439/worklog/29136','Khromykh, Elena','2014-10-23 14:08:50.000000','2014-10-23 14:08:50.000000','2014-04-14 14:08:00.000000',19200,111)
COMMIT
INSERT INTO WORKLOG VALUES(200,'https://seu30.gdc-sbr01.t-systems.com/jira/rest/api/2/issue/36439/worklog/29137','Khromykh, Elena','2014-10-23 14:09:09.000000','2014-10-23 14:09:09.000000','2014-10-23 14:09:01.000000',19200,111)
COMMIT
INSERT INTO USER_ VALUES(5,'test','','d9e8d47e8e08fcb94202636d5b968844250c34ca6dbf098678bd0b8eccefb506af900d2b42fc1c1727643f201f13b1b394816be60276f93ecc6a20e6bcf31548','','admin',NULL)
COMMIT
DELETE FROM USER_ WHERE ID=2
INSERT INTO USER_ VALUES(2,'testuser','Test User','7a7960d23fc6d874d6566978aa3ce1cd33d80690dd78208f01b3643fa52c0077523360acbde13b4b30677bcac0e2030f5480c4ef8b30c24eb0925e1e34062825','user@email.com','admin',1)
COMMIT
DELETE FROM USER_ WHERE ID=5
COMMIT
INSERT INTO USER_ VALUES(6,'alukashe',NULL,NULL,NULL,'user',4)
COMMIT
INSERT INTO PERMISSION VALUES(6,6,4)
COMMIT
INSERT INTO ISSUE VALUES(112,'PSLDE-289','Sub-task','In Progress','2015-01-29 11:13:12.000000','2015-01-29 11:14:47.000000','Major','Incident INM26099219',360,NULL,4,6)
COMMIT
INSERT INTO WORKLOG VALUES(201,'https://seu30.gdc-sbr01.t-systems.com/jira/rest/api/2/issue/64221/worklog/32168','Polskiy, Andrey','2015-01-29 11:14:47.000000','2015-01-29 11:14:47.000000','2015-01-26 11:14:38.000000',360,112)
COMMIT
DELETE FROM ISSUE WHERE ID=7
INSERT INTO ISSUE VALUES(7,'PSLDE-282','Sub-task','In Progress','2015-01-22 17:13:31.000000','2015-01-29 11:13:35.000000','Major','Incident 4200025422',840,NULL,4,6)
COMMIT
INSERT INTO WORKLOG VALUES(202,'https://seu30.gdc-sbr01.t-systems.com/jira/rest/api/2/issue/63684/worklog/32167','Polskiy, Andrey','2015-01-29 11:13:35.000000','2015-01-29 11:13:35.000000','2015-01-27 11:13:24.000000',360,7)
COMMIT
